\BOOKMARK [1][-]{section.1}{\176\337\213\241\133\146\116\140\145\271\154\325}{}% 1
\BOOKMARK [1][-]{section.2}{\141\037\167\345\147\072}{}% 2
\BOOKMARK [1][-]{section.3}{K\217\321\220\273}{}% 3
\BOOKMARK [2][-]{subsection.3.1}{kd\150\021}{section.3}% 4
\BOOKMARK [1][-]{section.4}{\147\064\175 \215\035\123\366\145\257}{}% 5
\BOOKMARK [1][-]{section.5}{\121\263\173\126\150\021}{}% 6
\BOOKMARK [2][-]{subsection.5.1}{\127\372\147\054\151\202\137\365}{section.5}% 7
\BOOKMARK [2][-]{subsection.5.2}{\121\263\173\126\150\021\166\204\165\037\142\020}{section.5}% 8
\BOOKMARK [3][-]{subsubsection.5.2.1}{ID3\173\227\154\325}{subsection.5.2}% 9
\BOOKMARK [3][-]{subsubsection.5.2.2}{C4.5\173\227\154\325}{subsection.5.2}% 10
\BOOKMARK [2][-]{subsection.5.3}{\121\263\173\126\150\021\122\152\147\235}{section.5}% 11
\BOOKMARK [2][-]{subsection.5.4}{CART\173\227\154\325}{section.5}% 12
\BOOKMARK [3][-]{subsubsection.5.4.1}{\147\000\134\017\116\214\116\130\126\336\137\122\150\021}{subsection.5.4}% 13
\BOOKMARK [3][-]{subsubsection.5.4.2}{CART\121\263\173\126\150\021}{subsection.5.4}% 14
\BOOKMARK [3][-]{subsubsection.5.4.3}{CART\122\152\147\235}{subsection.5.4}% 15
\BOOKMARK [1][-]{section.6}{\176\277\140\047\126\336\137\122}{}% 16
\BOOKMARK [2][-]{subsection.6.1}{\176\277\140\047\126\336\137\122\166\204\145\066\177\)\116\016\133\120\226\306}{section.6}% 17
\BOOKMARK [1][-]{section.7}{\220\073\217\221\145\257\204\202\126\336\137\122\116\016\147\000\131\047\161\265\152\041\127\213}{}% 18
\BOOKMARK [2][-]{subsection.7.1}{\220\073\217\221\145\257\204\202\126\336\137\122\152\041\127\213}{section.7}% 19
\BOOKMARK [2][-]{subsection.7.2}{\147\000\131\047\161\265\152\041\127\213}{section.7}% 20
\BOOKMARK [1][-]{section.8}{\145\057\143\001\124\021\221\317\147\072}{}% 21
\BOOKMARK [1][-]{section.9}{EM\173\227\154\325\123\312\121\166\143\250\136\177}{}% 22
\BOOKMARK [1][-]{section.10}{\226\220\232\154\134\024\171\321\131\053\152\041\127\213}{}% 23
\BOOKMARK [2][-]{subsection.10.1}{\213\304\117\060\211\302\133\337\136\217\122\027\151\202\163\207}{section.10}% 24
\BOOKMARK [3][-]{subsubsection.10.1.1}{\122\115\124\021\173\227\154\325}{subsection.10.1}% 25
\BOOKMARK [3][-]{subsubsection.10.1.2}{\124\016\124\021\173\227\154\325}{subsection.10.1}% 26
\BOOKMARK [3][-]{subsubsection.10.1.3}{\136\070\165\(\151\202\163\207\213\241\173\227}{subsection.10.1}% 27
\BOOKMARK [2][-]{subsection.10.2}{\152\041\127\213\166\204\123\302\145\160\117\060\213\241}{section.10}% 28
\BOOKMARK [3][-]{subsubsection.10.2.1}{\176\331\133\232\162\266\140\001\136\217\122\027\124\214\211\302\155\113\136\217\122\027}{subsection.10.2}% 29
\BOOKMARK [3][-]{subsubsection.10.2.2}{\234\215\131\306-\227\346\134\024\131\107\(Baum-Welch\)\173\227\154\325\377\010\116\137\134\061\146\057EM\173\227\154\325\377\011}{subsection.10.2}% 30
\BOOKMARK [2][-]{subsection.10.3}{\226\220\205\317\162\266\140\001\136\217\122\027\230\204\155\113\225\356\230\230}{section.10}% 31
\BOOKMARK [1][-]{section.11}{\147\141\116\366\226\217\147\072\127\072}{}% 32
\BOOKMARK [2][-]{subsection.11.1}{\116\300\116\110\150\067\166\204\225\356\230\230\227\000\211\201CRF\152\041\127\213}{section.11}% 33
\BOOKMARK [2][-]{subsection.11.2}{\147\141\116\366\226\217\147\072\127\072}{section.11}% 34
\BOOKMARK [3][-]{subsubsection.11.2.1}{\176\277\140\047\224\376\147\141\116\366\226\217\147\072\127\072\166\204\123\302\145\160\123\026\137\142\137\017}{subsection.11.2}% 35
\BOOKMARK [2][-]{subsection.11.3}{\151\202\163\207\213\241\173\227}{section.11}% 36
\BOOKMARK [1][-]{section.12}{\227\142\176\317}{}% 37
\BOOKMARK [2][-]{subsection.12.1}{\201\176\213\257 TEG NLP\176\304}{section.12}% 38
\BOOKMARK [2][-]{subsection.12.2}{\201\176\213\257\116\221}{section.12}% 39
\BOOKMARK [2][-]{subsection.12.3}{\123\116\116\072\204\173\227\154\325\135\345\172\013\136\010}{section.12}% 40
\BOOKMARK [2][-]{subsection.12.4}{\166\176\136\246\155\361\127\063\204NLP\204\163\260\127\072\227\142}{section.12}% 41
\BOOKMARK [2][-]{subsection.12.5}{\116\312\145\345\131\064\147\141 \173\227\154\325\135\345\172\013\136\010}{section.12}% 42
\BOOKMARK [2][-]{subsection.12.6}{\116\000\116\233\123\357\200\375\117\032\225\356\122\060\166\204\225\356\230\230}{section.12}% 43
\BOOKMARK [2][-]{subsection.12.7}{\145\160\133\146\151\202\137\365}{section.12}% 44
\BOOKMARK [2][-]{subsection.12.8}{\217\301\171\373\133\146\116\140}{section.12}% 45
\BOOKMARK [1][-]{section.13}{\162\171\137\201\135\345\172\013}{}% 46
\BOOKMARK [1][-]{section.14}{\152\041\127\213\213\304\117\060\123\312\117\030\123\026}{}% 47
\BOOKMARK [2][-]{subsection.14.1}{\121\306\170\156\163\207\166\204\134\100\226\120\140\047}{section.14}% 48
\BOOKMARK [2][-]{subsection.14.2}{\174\276\170\156\163\207\116\016\123\354\126\336\163\207\166\204\147\103\210\141}{section.14}% 49
\BOOKMARK [2][-]{subsection.14.3}{RMSE\166\204 \034\141\017\131\026 \035}{section.14}% 50
\BOOKMARK [2][-]{subsection.14.4}{ROC\146\362\176\277}{section.14}% 51
\BOOKMARK [2][-]{subsection.14.5}{\117\131\137\046\215\335\171\273}{section.14}% 52
\BOOKMARK [2][-]{subsection.14.6}{\152\041\127\213\213\304\117\060\166\204\145\271\154\325}{section.14}% 53
\BOOKMARK [2][-]{subsection.14.7}{\215\205\123\302\145\160\214\003\117\030}{section.14}% 54
\BOOKMARK [2][-]{subsection.14.8}{\217\307\142\337\124\010\116\016\153 \142\337\124\010}{section.14}% 55
\BOOKMARK [2][-]{subsection.14.9}{\122\035\131\313\123\026\123\302\145\160\145\271\154\325}{section.14}% 56
\BOOKMARK [2][-]{subsection.14.10}{batch normalization}{section.14}% 57
\BOOKMARK [2][-]{subsection.14.11}{SGD}{section.14}% 58
\BOOKMARK [2][-]{subsection.14.12}{AdaGrad}{section.14}% 59
\BOOKMARK [1][-]{section.15}{\221\307\150\067}{}% 60
\BOOKMARK [1][-]{section.16}{\213\315\124\021\221\317}{}% 61
\BOOKMARK [2][-]{subsection.16.1}{word2vec}{section.16}% 62
\BOOKMARK [2][-]{subsection.16.2}{fastText}{section.16}% 63
\BOOKMARK [2][-]{subsection.16.3}{GloVec:Global Vectors for Word Representation}{section.16}% 64
\BOOKMARK [2][-]{subsection.16.4}{encoder-decoder+seq2seq}{section.16}% 65
\BOOKMARK [2][-]{subsection.16.5}{Attention Is All Your Need: Transformer}{section.16}% 66
\BOOKMARK [2][-]{subsection.16.6}{\152\041\127\213\133\371\153\324}{section.16}% 67
\BOOKMARK [2][-]{subsection.16.7}{Elmo\377\032Embedding from Language Models}{section.16}% 68
\BOOKMARK [2][-]{subsection.16.8}{GPT\377\032Generative Pre-Training}{section.16}% 69
\BOOKMARK [2][-]{subsection.16.9}{Bert\377\032Bidirectional Encoder Representations from Transformers}{section.16}% 70
\BOOKMARK [1][-]{section.17}{\116\073\230\230\152\041\127\213}{}% 71
\BOOKMARK [2][-]{subsection.17.1}{LSI/LSA}{section.17}% 72
\BOOKMARK [2][-]{subsection.17.2}{PLSA}{section.17}% 73
\BOOKMARK [2][-]{subsection.17.3}{LDA}{section.17}% 74
\BOOKMARK [2][-]{subsection.17.4}{lda2vec}{section.17}% 75
\BOOKMARK [1][-]{section.18}{\137\072\123\026\133\146\116\140}{}% 76
\BOOKMARK [1][-]{section.19}{\226\306\142\020\133\146\116\140}{}% 77
\BOOKMARK [2][-]{subsection.19.1}{bagging}{section.19}% 78
\BOOKMARK [2][-]{subsection.19.2}{RF}{section.19}% 79
\BOOKMARK [2][-]{subsection.19.3}{boosting}{section.19}% 80
\BOOKMARK [2][-]{subsection.19.4}{Adaboost}{section.19}% 81
\BOOKMARK [2][-]{subsection.19.5}{\143\320\123\107\150\021}{section.19}% 82
\BOOKMARK [2][-]{subsection.19.6}{Gradient Boosting}{section.19}% 83
\BOOKMARK [2][-]{subsection.19.7}{GBDT}{section.19}% 84
\BOOKMARK [2][-]{subsection.19.8}{XGBOOST}{section.19}% 85
\BOOKMARK [2][-]{subsection.19.9}{lightgbm}{section.19}% 86
\BOOKMARK [2][-]{subsection.19.10}{\136\070\211\301\225\356\230\230\140\073\176\323}{section.19}% 87
\BOOKMARK [1][-]{section.20}{\133\146\116\140\137\303\137\227}{}% 88
