This is pdfTeX, Version 3.1415926-2.3-1.40.12 (MiKTeX 2.9) (preloaded format=pdflatex 2019.2.25)  12 MAY 2019 14:06
entering extended mode
**IIE2019.tex
(D:\self-discipline\LatexDoc\IIE2019.tex
LaTeX2e <2011/06/27>
Babel <v3.8m> and hyphenation patterns for loaded.
("D:\Program Files (x86)\CTEX\MiKTeX\tex\latex\base\article.cls"
Document Class: article 2007/10/19 v1.4h Standard LaTeX document class
("D:\Program Files (x86)\CTEX\MiKTeX\tex\latex\base\size10.clo"
File: size10.clo 2007/10/19 v1.4h Standard LaTeX file (size option)
)
\c@part=\count79
\c@section=\count80
\c@subsection=\count81
\c@subsubsection=\count82
\c@paragraph=\count83
\c@subparagraph=\count84
\c@figure=\count85
\c@table=\count86
\abovecaptionskip=\skip41
\belowcaptionskip=\skip42
\bibindent=\dimen102
)
("D:\Program Files (x86)\CTEX\MiKTeX\tex\latex\geometry\geometry.sty"
Package: geometry 2010/09/12 v5.6 Page Geometry

("D:\Program Files (x86)\CTEX\MiKTeX\tex\latex\graphics\keyval.sty"
Package: keyval 1999/03/16 v1.13 key=value parser (DPC)
\KV@toks@=\toks14
)
("D:\Program Files (x86)\CTEX\MiKTeX\tex\generic\oberdiek\ifpdf.sty"
Package: ifpdf 2011/01/30 v2.3 Provides the ifpdf switch (HO)
Package ifpdf Info: pdfTeX in PDF mode is detected.
)
("D:\Program Files (x86)\CTEX\MiKTeX\tex\generic\oberdiek\ifvtex.sty"
Package: ifvtex 2010/03/01 v1.5 Switches for detecting VTeX and its modes (HO)
Package ifvtex Info: VTeX not detected.
)
("D:\Program Files (x86)\CTEX\MiKTeX\tex\generic\ifxetex\ifxetex.sty"
Package: ifxetex 2010/09/12 v0.6 Provides ifxetex conditional
)
\Gm@cnth=\count87
\Gm@cntv=\count88
\c@Gm@tempcnt=\count89
\Gm@bindingoffset=\dimen103
\Gm@wd@mp=\dimen104
\Gm@odd@mp=\dimen105
\Gm@even@mp=\dimen106
\Gm@layoutwidth=\dimen107
\Gm@layoutheight=\dimen108
\Gm@layouthoffset=\dimen109
\Gm@layoutvoffset=\dimen110
\Gm@dimlist=\toks15

("D:\Program Files (x86)\CTEX\MiKTeX\tex\latex\geometry\geometry.cfg"))
("D:\Program Files (x86)\CTEX\MiKTeX\tex\latex\diagbox\diagbox.sty"
Package: diagbox 2011/11/23 v2.0 Making table heads with diagonal lines

("D:\Program Files (x86)\CTEX\MiKTeX\tex\latex\pict2e\pict2e.sty"
Package: pict2e 2011/04/05 v0.2y Improved picture commands (HjG,RN,JT)

("D:\Program Files (x86)\CTEX\MiKTeX\tex\latex\00miktex\pict2e.cfg"
File: pict2e.cfg 2005/12/29 v1.0 MiKTeX 'pict2e' configuration
)
Package pict2e Info: Driver file: pdftex.def on input line 119.

("D:\Program Files (x86)\CTEX\MiKTeX\tex\latex\pdftex-def\pdftex.def"
File: pdftex.def 2011/05/27 v0.06d Graphics/color for pdfTeX

("D:\Program Files (x86)\CTEX\MiKTeX\tex\generic\oberdiek\infwarerr.sty"
Package: infwarerr 2010/04/08 v1.3 Providing info/warning/message (HO)
)
("D:\Program Files (x86)\CTEX\MiKTeX\tex\generic\oberdiek\ltxcmds.sty"
Package: ltxcmds 2011/04/18 v1.20 LaTeX kernel commands for general use (HO)
)
\Gread@gobject=\count90
)
Package pict2e Info: Driver file for pict2e: p2e-pdftex.def on input line 121.

("D:\Program Files (x86)\CTEX\MiKTeX\tex\latex\pict2e\p2e-pdftex.def"
File: p2e-pdftex.def 2011/04/05 v0.1t Driver-dependant file (RN,HjG,JT)
)
("D:\Program Files (x86)\CTEX\MiKTeX\tex\latex\graphics\trig.sty"
Package: trig 1999/03/16 v1.09 sin cos tan (DPC)
)
\pIIe@GRAPH=\toks16
\@arclen=\dimen111
\@arcrad=\dimen112
\@tempdimd=\dimen113
)
("D:\Program Files (x86)\CTEX\MiKTeX\tex\latex\fp\fp.sty"
Package: fp 1995/04/02

`Fixed Point Package', Version 0.8, April 2, 1995 (C) Michael Mehlich
("D:\Program Files (x86)\CTEX\MiKTeX\tex\latex\fp\defpattern.sty"
Package: defpattern 1994/10/12
\actioncount=\count91
)
("D:\Program Files (x86)\CTEX\MiKTeX\tex\latex\fp\fp-basic.sty"
Package: fp-basic 1996/05/13
\FP@xs=\count92
\FP@xia=\count93
\FP@xib=\count94
\FP@xfa=\count95
\FP@xfb=\count96
\FP@rega=\count97
\FP@regb=\count98
\FP@regs=\count99
\FP@times=\count100
)
("D:\Program Files (x86)\CTEX\MiKTeX\tex\latex\fp\fp-addons.sty"
Package: fp-addons 1995/03/15
)
("D:\Program Files (x86)\CTEX\MiKTeX\tex\latex\fp\fp-snap.sty"
Package: fp-snap 1995/04/05
)
("D:\Program Files (x86)\CTEX\MiKTeX\tex\latex\fp\fp-exp.sty"
Package: fp-exp 1995/04/03
)
("D:\Program Files (x86)\CTEX\MiKTeX\tex\latex\fp\fp-trigo.sty"
Package: fp-trigo 1995/04/14
)
("D:\Program Files (x86)\CTEX\MiKTeX\tex\latex\fp\fp-pas.sty"
Package: fp-pas 1994/08/29
)
("D:\Program Files (x86)\CTEX\MiKTeX\tex\latex\fp\fp-random.sty"
Package: fp-random 1995/02/23
\FPseed=\count101
)
("D:\Program Files (x86)\CTEX\MiKTeX\tex\latex\fp\fp-eqn.sty"
Package: fp-eqn 1995/04/03
)
("D:\Program Files (x86)\CTEX\MiKTeX\tex\latex\fp\fp-upn.sty"
Package: fp-upn 1996/10/21
)
("D:\Program Files (x86)\CTEX\MiKTeX\tex\latex\fp\fp-eval.sty"
Package: fp-eval 1995/04/03
))
\diagbox@boxa=\box26
\diagbox@boxb=\box27
\diagbox@boxm=\box28
\diagbox@wd=\dimen114
\diagbox@ht=\dimen115
\diagbox@sepl=\dimen116
\diagbox@sepr=\dimen117
)
("D:\Program Files (x86)\CTEX\MiKTeX\tex\latex\ctex\ctexcap.sty"
Package: ctexcap 2011/03/11 v1.02c ctexcap macros package

("D:\Program Files (x86)\CTEX\MiKTeX\tex\latex\ctex\opt\ctex-common-opts.def")
("D:\Program Files (x86)\CTEX\MiKTeX\tex\latex\ctex\opt\ctex-caption-opts.def"
\c@CTEX@sectiondepth=\count102
) ("D:\Program Files (x86)\CTEX\CTeX\tex\latex\ctex\cfg\ctexopts.cfg")
("D:\Program Files (x86)\CTEX\MiKTeX\tex\latex\ctex\def\ctex-common.def"
("D:\Program Files (x86)\CTEX\MiKTeX\tex\latex\l3kernel\expl3.sty"
("D:\Program Files (x86)\CTEX\MiKTeX\tex\latex\l3kernel\l3names.sty"
("D:\Program Files (x86)\CTEX\MiKTeX\tex\latex\l3kernel\l3bootstrap.sty"
Package: l3bootstrap 2011/12/29 v3110 L3 Experimental bootstrap code
)
Package: l3names 2011/12/30 v3113 L3 Experimental namespace for primitives
)
("D:\Program Files (x86)\CTEX\MiKTeX\tex\latex\misc\etex.sty"
Package: etex 1998/03/26 v2.0 eTeX basic definition package (PEB)
\et@xins=\count103
)
Package: expl3 2012/02/26 v3471 L3 Experimental code bundle wrapper

("D:\Program Files (x86)\CTEX\MiKTeX\tex\latex\graphics\color.sty"
Package: color 2005/11/14 v1.0j Standard LaTeX Color (DPC)

("D:\Program Files (x86)\CTEX\MiKTeX\tex\latex\00miktex\color.cfg"
File: color.cfg 2007/01/18 v1.5 color configuration of teTeX/TeXLive
)
Package color Info: Driver file: pdftex.def on input line 130.
)
("D:\Program Files (x86)\CTEX\MiKTeX\tex\latex\graphics\graphics.sty"
Package: graphics 2009/02/05 v1.0o Standard LaTeX Graphics (DPC,SPQR)

("D:\Program Files (x86)\CTEX\MiKTeX\tex\latex\00miktex\graphics.cfg"
File: graphics.cfg 2007/01/18 v1.5 graphics configuration of teTeX/TeXLive
)
Package graphics Info: Driver file: pdftex.def on input line 91.
)
("D:\Program Files (x86)\CTEX\MiKTeX\tex\latex\l3kernel\l3basics.sty"
Package: l3basics 2012/02/26 v3460 L3 Experimental basic definitions
)
("D:\Program Files (x86)\CTEX\MiKTeX\tex\latex\l3kernel\l3expan.sty"
Package: l3expan 2012/02/26 v3460 L3 Experimental argument expansion
)
("D:\Program Files (x86)\CTEX\MiKTeX\tex\latex\l3kernel\l3tl.sty"
Package: l3tl 2012/02/26 v3460 L3 Experimental token lists
)
("D:\Program Files (x86)\CTEX\MiKTeX\tex\latex\l3kernel\l3seq.sty"
Package: l3seq 2012/01/09 v3158 L3 Experimental sequences and stacks
)
("D:\Program Files (x86)\CTEX\MiKTeX\tex\latex\l3kernel\l3int.sty"
Package: l3int 2012/02/26 v3460 L3 Experimental integers
\c_max_int=\count104
\l_tmpa_int=\count105
\l_tmpb_int=\count106
\l_tmpc_int=\count107
\g_tmpa_int=\count108
\g_tmpb_int=\count109
)
("D:\Program Files (x86)\CTEX\MiKTeX\tex\latex\l3kernel\l3quark.sty"
Package: l3quark 2012/02/12 v3384 L3 Experimental quarks
)
("D:\Program Files (x86)\CTEX\MiKTeX\tex\latex\l3kernel\l3prg.sty"
Package: l3prg 2012/02/26 v3464 L3 Experimental control structures
\g_prg_map_int=\count110
)
("D:\Program Files (x86)\CTEX\MiKTeX\tex\latex\l3kernel\l3clist.sty"
Package: l3clist 2012/02/26 v3460 L3 Experimental comma separated lists
)
("D:\Program Files (x86)\CTEX\MiKTeX\tex\latex\l3kernel\l3token.sty"
Package: l3token 2012/02/26 v3460 L3 Experimental token manipulation
)
("D:\Program Files (x86)\CTEX\MiKTeX\tex\latex\l3kernel\l3prop.sty"
Package: l3prop 2012/02/26 v3460 L3 Experimental property lists
)
("D:\Program Files (x86)\CTEX\MiKTeX\tex\latex\l3kernel\l3msg.sty"
Package: l3msg 2012/02/26 v3470 L3 Experimental messages
)
("D:\Program Files (x86)\CTEX\MiKTeX\tex\latex\l3kernel\l3file.sty"
Package: l3file 2012/02/26 v3464 L3 Experimental file and I/O operations
\l_iow_stream_int=\count111
\l_iow_line_length_int=\count112
\l_iow_target_length_int=\count113
\l_iow_current_line_int=\count114
\l_iow_current_word_int=\count115
\l_iow_current_indentation_int=\count116
)
("D:\Program Files (x86)\CTEX\MiKTeX\tex\latex\l3kernel\l3skip.sty"
Package: l3skip 2012/02/26 v3460 L3 Experimental dimensions and skips
\l_tmpa_dim=\dimen118
\l_tmpb_dim=\dimen119
\l_tmpc_dim=\dimen120
\g_tmpa_dim=\dimen121
\g_tmpb_dim=\dimen122
\l_tmpa_skip=\skip43
\l_tmpb_skip=\skip44
\l_tmpc_skip=\skip45
\g_tmpa_skip=\skip46
\g_tmpb_skip=\skip47
)
("D:\Program Files (x86)\CTEX\MiKTeX\tex\latex\l3kernel\l3keys.sty"
Package: l3keys 2011/12/22 v3086 L3 Experimental key-value interfaces
\g_keyval_level_int=\count117
\l_keys_choice_int=\count118
)
("D:\Program Files (x86)\CTEX\MiKTeX\tex\latex\l3kernel\l3fp.sty"
Package: l3fp 2012/02/06 v3315 L3 Experimental floating-point operations
\c_one_million=\count119
\c_one_hundred_million=\count120
\c_five_hundred_million=\count121
\c_one_thousand_million=\count122
\c_fp_pi_by_four_decimal_int=\count123
\c_fp_pi_by_four_extended_int=\count124
\c_fp_pi_decimal_int=\count125
\c_fp_pi_extended_int=\count126
\c_fp_two_pi_decimal_int=\count127
\c_fp_two_pi_extended_int=\count128
\l_fp_count_int=\count129
\l_fp_div_offset_int=\count130
\l_fp_exp_integer_int=\count131
\l_fp_exp_decimal_int=\count132
\l_fp_exp_extended_int=\count133
\l_fp_exp_exponent_int=\count134
\l_fp_input_a_sign_int=\count135
\l_fp_input_a_integer_int=\count136
\l_fp_input_a_decimal_int=\count137
\l_fp_input_a_exponent_int=\count138
\l_fp_input_b_sign_int=\count139
\l_fp_input_b_integer_int=\count140
\l_fp_input_b_decimal_int=\count141
\l_fp_input_b_exponent_int=\count142
\l_fp_input_a_extended_int=\count143
\l_fp_input_b_extended_int=\count144
\l_fp_mul_a_i_int=\count145
\l_fp_mul_a_ii_int=\count146
\l_fp_mul_a_iii_int=\count147
\l_fp_mul_a_iv_int=\count148
\l_fp_mul_a_v_int=\count149
\l_fp_mul_a_vi_int=\count150
\l_fp_mul_b_i_int=\count151
\l_fp_mul_b_ii_int=\count152
\l_fp_mul_b_iii_int=\count153
\l_fp_mul_b_iv_int=\count154
\l_fp_mul_b_v_int=\count155
\l_fp_mul_b_vi_int=\count156
\l_fp_mul_output_int=\count157
\l_fp_output_sign_int=\count158
\l_fp_output_integer_int=\count159
\l_fp_output_decimal_int=\count160
\l_fp_output_exponent_int=\count161
\l_fp_output_extended_int=\count162
\l_fp_round_position_int=\count163
\l_fp_round_target_int=\count164
\l_fp_split_sign_int=\count165
\l_fp_internal_int=\count166
\l_fp_trig_octant_int=\count167
\l_fp_trig_sign_int=\count168
\l_fp_trig_decimal_int=\count169
\l_fp_trig_extended_int=\count170
\l_fp_internal_dim=\dimen123
\l_fp_internal_skip=\skip48
)
("D:\Program Files (x86)\CTEX\MiKTeX\tex\latex\l3kernel\l3box.sty"
Package: l3box 2012/02/18 v3432 L3 Experimental boxes
\l_tmpb_box=\box29
\l_box_top_dim=\dimen124
\l_box_bottom_dim=\dimen125
\l_box_left_dim=\dimen126
\l_box_right_dim=\dimen127
\l_box_top_new_dim=\dimen128
\l_box_bottom_new_dim=\dimen129
\l_box_left_new_dim=\dimen130
\l_box_right_new_dim=\dimen131
\l_box_internal_box=\box30
)
("D:\Program Files (x86)\CTEX\MiKTeX\tex\latex\l3kernel\l3coffins.sty"
Package: l3coffins 2012/02/26 v3460 L3 Experimental coffin code layer
\l_coffin_internal_box=\box31
\l_coffin_internal_dim=\dimen132
\l_coffin_offset_x_dim=\dimen133
\l_coffin_offset_y_dim=\dimen134
\l_coffin_x_dim=\dimen135
\l_coffin_y_dim=\dimen136
\l_coffin_x_prime_dim=\dimen137
\l_coffin_y_prime_dim=\dimen138
\l_coffin_Depth_dim=\dimen139
\l_coffin_Height_dim=\dimen140
\l_coffin_TotalHeight_dim=\dimen141
\l_coffin_Width_dim=\dimen142
\c_empty_coffin=\box32
\l_coffin_aligned_coffin=\box33
\l_coffin_aligned_internal_coffin=\box34
\l_coffin_bounding_shift_dim=\dimen143
\l_coffin_left_corner_dim=\dimen144
\l_coffin_right_corner_dim=\dimen145
\l_coffin_bottom_corner_dim=\dimen146
\l_coffin_top_corner_dim=\dimen147
\l_coffin_scaled_total_height_dim=\dimen148
\l_coffin_scaled_width_dim=\dimen149
\l_coffin_display_coffin=\box35
\l_coffin_display_coord_coffin=\box36
\l_coffin_display_pole_coffin=\box37
\l_coffin_display_offset_dim=\dimen150
\l_coffin_display_x_dim=\dimen151
\l_coffin_display_y_dim=\dimen152
)
("D:\Program Files (x86)\CTEX\MiKTeX\tex\latex\l3kernel\l3color.sty"
Package: l3color 2011/09/07 v2776 L3 Experimental colour support
)
("D:\Program Files (x86)\CTEX\MiKTeX\tex\latex\l3kernel\l3luatex.sty"
Package: l3luatex 2012/02/09 v3355 L3 Experimental LuaTeX-specific functions
\g_cctab_allocate_int=\count171
\g_cctab_stack_int=\count172
))
("D:\Program Files (x86)\CTEX\MiKTeX\tex\latex\etoolbox\etoolbox.sty"
Package: etoolbox 2011/01/03 v2.1 e-TeX tools for LaTeX
\etb@tempcnta=\count173
)
("D:\Program Files (x86)\CTEX\MiKTeX\tex\latex\tools\indentfirst.sty"
Package: indentfirst 1995/11/23 v1.03 Indent first paragraph (DPC)
)
("D:\Program Files (x86)\CTEX\MiKTeX\tex\latex\base\fix-cm.sty"
Package: fix-cm 2006/09/13 v1.1m fixes to LaTeX

("D:\Program Files (x86)\CTEX\MiKTeX\tex\latex\base\ts1enc.def"
File: ts1enc.def 2001/06/05 v3.0e (jk/car/fm) Standard LaTeX file
))
("D:\Program Files (x86)\CTEX\MiKTeX\tex\latex\ctex\engine\ctex-cjk-engine.def"
("D:\Program Files (x86)\CTEX\MiKTeX\tex\latex\cjk\CJKutf8.sty"
Package: CJKutf8 2008/12/29 4.8.2

("D:\Program Files (x86)\CTEX\MiKTeX\tex\latex\base\inputenc.sty"
Package: inputenc 2008/03/30 v1.1d Input encoding file
\inpenc@prehook=\toks17
\inpenc@posthook=\toks18

("D:\Program Files (x86)\CTEX\MiKTeX\tex\latex\base\utf8.def"
File: utf8.def 2008/04/05 v1.1m UTF-8 support for inputenc
Now handling font encoding OML ...
... no UTF-8 mapping file for font encoding OML
Now handling font encoding T1 ...
... processing UTF-8 mapping file for font encoding T1

("D:\Program Files (x86)\CTEX\MiKTeX\tex\latex\base\t1enc.dfu"
File: t1enc.dfu 2008/04/05 v1.1m UTF-8 support for inputenc
   defining Unicode char U+00A1 (decimal 161)
   defining Unicode char U+00A3 (decimal 163)
   defining Unicode char U+00AB (decimal 171)
   defining Unicode char U+00BB (decimal 187)
   defining Unicode char U+00BF (decimal 191)
   defining Unicode char U+00C0 (decimal 192)
   defining Unicode char U+00C1 (decimal 193)
   defining Unicode char U+00C2 (decimal 194)
   defining Unicode char U+00C3 (decimal 195)
   defining Unicode char U+00C4 (decimal 196)
   defining Unicode char U+00C5 (decimal 197)
   defining Unicode char U+00C6 (decimal 198)
   defining Unicode char U+00C7 (decimal 199)
   defining Unicode char U+00C8 (decimal 200)
   defining Unicode char U+00C9 (decimal 201)
   defining Unicode char U+00CA (decimal 202)
   defining Unicode char U+00CB (decimal 203)
   defining Unicode char U+00CC (decimal 204)
   defining Unicode char U+00CD (decimal 205)
   defining Unicode char U+00CE (decimal 206)
   defining Unicode char U+00CF (decimal 207)
   defining Unicode char U+00D0 (decimal 208)
   defining Unicode char U+00D1 (decimal 209)
   defining Unicode char U+00D2 (decimal 210)
   defining Unicode char U+00D3 (decimal 211)
   defining Unicode char U+00D4 (decimal 212)
   defining Unicode char U+00D5 (decimal 213)
   defining Unicode char U+00D6 (decimal 214)
   defining Unicode char U+00D8 (decimal 216)
   defining Unicode char U+00D9 (decimal 217)
   defining Unicode char U+00DA (decimal 218)
   defining Unicode char U+00DB (decimal 219)
   defining Unicode char U+00DC (decimal 220)
   defining Unicode char U+00DD (decimal 221)
   defining Unicode char U+00DE (decimal 222)
   defining Unicode char U+00DF (decimal 223)
   defining Unicode char U+00E0 (decimal 224)
   defining Unicode char U+00E1 (decimal 225)
   defining Unicode char U+00E2 (decimal 226)
   defining Unicode char U+00E3 (decimal 227)
   defining Unicode char U+00E4 (decimal 228)
   defining Unicode char U+00E5 (decimal 229)
   defining Unicode char U+00E6 (decimal 230)
   defining Unicode char U+00E7 (decimal 231)
   defining Unicode char U+00E8 (decimal 232)
   defining Unicode char U+00E9 (decimal 233)
   defining Unicode char U+00EA (decimal 234)
   defining Unicode char U+00EB (decimal 235)
   defining Unicode char U+00EC (decimal 236)
   defining Unicode char U+00ED (decimal 237)
   defining Unicode char U+00EE (decimal 238)
   defining Unicode char U+00EF (decimal 239)
   defining Unicode char U+00F0 (decimal 240)
   defining Unicode char U+00F1 (decimal 241)
   defining Unicode char U+00F2 (decimal 242)
   defining Unicode char U+00F3 (decimal 243)
   defining Unicode char U+00F4 (decimal 244)
   defining Unicode char U+00F5 (decimal 245)
   defining Unicode char U+00F6 (decimal 246)
   defining Unicode char U+00F8 (decimal 248)
   defining Unicode char U+00F9 (decimal 249)
   defining Unicode char U+00FA (decimal 250)
   defining Unicode char U+00FB (decimal 251)
   defining Unicode char U+00FC (decimal 252)
   defining Unicode char U+00FD (decimal 253)
   defining Unicode char U+00FE (decimal 254)
   defining Unicode char U+00FF (decimal 255)
   defining Unicode char U+0102 (decimal 258)
   defining Unicode char U+0103 (decimal 259)
   defining Unicode char U+0104 (decimal 260)
   defining Unicode char U+0105 (decimal 261)
   defining Unicode char U+0106 (decimal 262)
   defining Unicode char U+0107 (decimal 263)
   defining Unicode char U+010C (decimal 268)
   defining Unicode char U+010D (decimal 269)
   defining Unicode char U+010E (decimal 270)
   defining Unicode char U+010F (decimal 271)
   defining Unicode char U+0110 (decimal 272)
   defining Unicode char U+0111 (decimal 273)
   defining Unicode char U+0118 (decimal 280)
   defining Unicode char U+0119 (decimal 281)
   defining Unicode char U+011A (decimal 282)
   defining Unicode char U+011B (decimal 283)
   defining Unicode char U+011E (decimal 286)
   defining Unicode char U+011F (decimal 287)
   defining Unicode char U+0130 (decimal 304)
   defining Unicode char U+0131 (decimal 305)
   defining Unicode char U+0132 (decimal 306)
   defining Unicode char U+0133 (decimal 307)
   defining Unicode char U+0139 (decimal 313)
   defining Unicode char U+013A (decimal 314)
   defining Unicode char U+013D (decimal 317)
   defining Unicode char U+013E (decimal 318)
   defining Unicode char U+0141 (decimal 321)
   defining Unicode char U+0142 (decimal 322)
   defining Unicode char U+0143 (decimal 323)
   defining Unicode char U+0144 (decimal 324)
   defining Unicode char U+0147 (decimal 327)
   defining Unicode char U+0148 (decimal 328)
   defining Unicode char U+014A (decimal 330)
   defining Unicode char U+014B (decimal 331)
   defining Unicode char U+0150 (decimal 336)
   defining Unicode char U+0151 (decimal 337)
   defining Unicode char U+0152 (decimal 338)
   defining Unicode char U+0153 (decimal 339)
   defining Unicode char U+0154 (decimal 340)
   defining Unicode char U+0155 (decimal 341)
   defining Unicode char U+0158 (decimal 344)
   defining Unicode char U+0159 (decimal 345)
   defining Unicode char U+015A (decimal 346)
   defining Unicode char U+015B (decimal 347)
   defining Unicode char U+015E (decimal 350)
   defining Unicode char U+015F (decimal 351)
   defining Unicode char U+0160 (decimal 352)
   defining Unicode char U+0161 (decimal 353)
   defining Unicode char U+0162 (decimal 354)
   defining Unicode char U+0163 (decimal 355)
   defining Unicode char U+0164 (decimal 356)
   defining Unicode char U+0165 (decimal 357)
   defining Unicode char U+016E (decimal 366)
   defining Unicode char U+016F (decimal 367)
   defining Unicode char U+0170 (decimal 368)
   defining Unicode char U+0171 (decimal 369)
   defining Unicode char U+0178 (decimal 376)
   defining Unicode char U+0179 (decimal 377)
   defining Unicode char U+017A (decimal 378)
   defining Unicode char U+017B (decimal 379)
   defining Unicode char U+017C (decimal 380)
   defining Unicode char U+017D (decimal 381)
   defining Unicode char U+017E (decimal 382)
   defining Unicode char U+200C (decimal 8204)
   defining Unicode char U+2013 (decimal 8211)
   defining Unicode char U+2014 (decimal 8212)
   defining Unicode char U+2018 (decimal 8216)
   defining Unicode char U+2019 (decimal 8217)
   defining Unicode char U+201A (decimal 8218)
   defining Unicode char U+201C (decimal 8220)
   defining Unicode char U+201D (decimal 8221)
   defining Unicode char U+201E (decimal 8222)
   defining Unicode char U+2030 (decimal 8240)
   defining Unicode char U+2031 (decimal 8241)
   defining Unicode char U+2039 (decimal 8249)
   defining Unicode char U+203A (decimal 8250)
   defining Unicode char U+2423 (decimal 9251)
)
Now handling font encoding OT1 ...
... processing UTF-8 mapping file for font encoding OT1

("D:\Program Files (x86)\CTEX\MiKTeX\tex\latex\base\ot1enc.dfu"
File: ot1enc.dfu 2008/04/05 v1.1m UTF-8 support for inputenc
   defining Unicode char U+00A1 (decimal 161)
   defining Unicode char U+00A3 (decimal 163)
   defining Unicode char U+00B8 (decimal 184)
   defining Unicode char U+00BF (decimal 191)
   defining Unicode char U+00C5 (decimal 197)
   defining Unicode char U+00C6 (decimal 198)
   defining Unicode char U+00D8 (decimal 216)
   defining Unicode char U+00DF (decimal 223)
   defining Unicode char U+00E6 (decimal 230)
   defining Unicode char U+00EC (decimal 236)
   defining Unicode char U+00ED (decimal 237)
   defining Unicode char U+00EE (decimal 238)
   defining Unicode char U+00EF (decimal 239)
   defining Unicode char U+00F8 (decimal 248)
   defining Unicode char U+0131 (decimal 305)
   defining Unicode char U+0141 (decimal 321)
   defining Unicode char U+0142 (decimal 322)
   defining Unicode char U+0152 (decimal 338)
   defining Unicode char U+0153 (decimal 339)
   defining Unicode char U+2013 (decimal 8211)
   defining Unicode char U+2014 (decimal 8212)
   defining Unicode char U+2018 (decimal 8216)
   defining Unicode char U+2019 (decimal 8217)
   defining Unicode char U+201C (decimal 8220)
   defining Unicode char U+201D (decimal 8221)
)
Now handling font encoding OMS ...
... processing UTF-8 mapping file for font encoding OMS

("D:\Program Files (x86)\CTEX\MiKTeX\tex\latex\base\omsenc.dfu"
File: omsenc.dfu 2008/04/05 v1.1m UTF-8 support for inputenc
   defining Unicode char U+00A7 (decimal 167)
   defining Unicode char U+00B6 (decimal 182)
   defining Unicode char U+00B7 (decimal 183)
   defining Unicode char U+2020 (decimal 8224)
   defining Unicode char U+2021 (decimal 8225)
   defining Unicode char U+2022 (decimal 8226)
)
Now handling font encoding OMX ...
... no UTF-8 mapping file for font encoding OMX
Now handling font encoding U ...
... no UTF-8 mapping file for font encoding U
Now handling font encoding TS1 ...
... processing UTF-8 mapping file for font encoding TS1

("D:\Program Files (x86)\CTEX\MiKTeX\tex\latex\base\ts1enc.dfu"
File: ts1enc.dfu 2008/04/05 v1.1m UTF-8 support for inputenc
   defining Unicode char U+00A2 (decimal 162)
   defining Unicode char U+00A3 (decimal 163)
   defining Unicode char U+00A4 (decimal 164)
   defining Unicode char U+00A5 (decimal 165)
   defining Unicode char U+00A6 (decimal 166)
   defining Unicode char U+00A7 (decimal 167)
   defining Unicode char U+00A8 (decimal 168)
   defining Unicode char U+00A9 (decimal 169)
   defining Unicode char U+00AA (decimal 170)
   defining Unicode char U+00AC (decimal 172)
   defining Unicode char U+00AE (decimal 174)
   defining Unicode char U+00AF (decimal 175)
   defining Unicode char U+00B0 (decimal 176)
   defining Unicode char U+00B1 (decimal 177)
   defining Unicode char U+00B2 (decimal 178)
   defining Unicode char U+00B3 (decimal 179)
   defining Unicode char U+00B4 (decimal 180)
   defining Unicode char U+00B5 (decimal 181)
   defining Unicode char U+00B6 (decimal 182)
   defining Unicode char U+00B7 (decimal 183)
   defining Unicode char U+00B9 (decimal 185)
   defining Unicode char U+00BA (decimal 186)
   defining Unicode char U+00BC (decimal 188)
   defining Unicode char U+00BD (decimal 189)
   defining Unicode char U+00BE (decimal 190)
   defining Unicode char U+00D7 (decimal 215)
   defining Unicode char U+00F7 (decimal 247)
   defining Unicode char U+0192 (decimal 402)
   defining Unicode char U+02C7 (decimal 711)
   defining Unicode char U+02D8 (decimal 728)
   defining Unicode char U+02DD (decimal 733)
   defining Unicode char U+0E3F (decimal 3647)
   defining Unicode char U+2016 (decimal 8214)
   defining Unicode char U+2020 (decimal 8224)
   defining Unicode char U+2021 (decimal 8225)
   defining Unicode char U+2022 (decimal 8226)
   defining Unicode char U+2030 (decimal 8240)
   defining Unicode char U+2031 (decimal 8241)
   defining Unicode char U+203B (decimal 8251)
   defining Unicode char U+203D (decimal 8253)
   defining Unicode char U+2044 (decimal 8260)
   defining Unicode char U+204E (decimal 8270)
   defining Unicode char U+2052 (decimal 8274)
   defining Unicode char U+20A1 (decimal 8353)
   defining Unicode char U+20A4 (decimal 8356)
   defining Unicode char U+20A6 (decimal 8358)
   defining Unicode char U+20A9 (decimal 8361)
   defining Unicode char U+20AB (decimal 8363)
   defining Unicode char U+20AC (decimal 8364)
   defining Unicode char U+20B1 (decimal 8369)
   defining Unicode char U+2103 (decimal 8451)
   defining Unicode char U+2116 (decimal 8470)
   defining Unicode char U+2117 (decimal 8471)
   defining Unicode char U+211E (decimal 8478)
   defining Unicode char U+2120 (decimal 8480)
   defining Unicode char U+2122 (decimal 8482)
   defining Unicode char U+2126 (decimal 8486)
   defining Unicode char U+2127 (decimal 8487)
   defining Unicode char U+212E (decimal 8494)
   defining Unicode char U+2190 (decimal 8592)
   defining Unicode char U+2191 (decimal 8593)
   defining Unicode char U+2192 (decimal 8594)
   defining Unicode char U+2193 (decimal 8595)
   defining Unicode char U+2329 (decimal 9001)
   defining Unicode char U+232A (decimal 9002)
   defining Unicode char U+2422 (decimal 9250)
   defining Unicode char U+25E6 (decimal 9702)
   defining Unicode char U+25EF (decimal 9711)
   defining Unicode char U+266A (decimal 9834)
)
   defining Unicode char U+00A9 (decimal 169)
   defining Unicode char U+00AA (decimal 170)
   defining Unicode char U+00AE (decimal 174)
   defining Unicode char U+00BA (decimal 186)
   defining Unicode char U+02C6 (decimal 710)
   defining Unicode char U+02DC (decimal 732)
   defining Unicode char U+200C (decimal 8204)
   defining Unicode char U+2026 (decimal 8230)
   defining Unicode char U+2122 (decimal 8482)
   defining Unicode char U+2423 (decimal 9251)
))
("D:\Program Files (x86)\CTEX\MiKTeX\tex\latex\cjk\CJK.sty"
Package: CJK 2008/12/29 4.8.2

("D:\Program Files (x86)\CTEX\MiKTeX\tex\latex\cjk\mule\MULEenc.sty"
Package: MULEenc 2008/12/29 4.8.2
)
("D:\Program Files (x86)\CTEX\MiKTeX\tex\latex\cjk\CJK.enc"
File: CJK.enc 2008/12/29 4.8.2
Now handling font encoding C00 ...
... no UTF-8 mapping file for font encoding C00
Now handling font encoding C05 ...
... no UTF-8 mapping file for font encoding C05
Now handling font encoding C09 ...
... no UTF-8 mapping file for font encoding C09
Now handling font encoding C10 ...
... no UTF-8 mapping file for font encoding C10
Now handling font encoding C20 ...
... no UTF-8 mapping file for font encoding C20
Now handling font encoding C19 ...
... no UTF-8 mapping file for font encoding C19
Now handling font encoding C40 ...
... no UTF-8 mapping file for font encoding C40
Now handling font encoding C42 ...
... no UTF-8 mapping file for font encoding C42
Now handling font encoding C43 ...
... no UTF-8 mapping file for font encoding C43
Now handling font encoding C50 ...
... no UTF-8 mapping file for font encoding C50
Now handling font encoding C52 ...
... no UTF-8 mapping file for font encoding C52
Now handling font encoding C49 ...
... no UTF-8 mapping file for font encoding C49
Now handling font encoding C60 ...
... no UTF-8 mapping file for font encoding C60
Now handling font encoding C61 ...
... no UTF-8 mapping file for font encoding C61
Now handling font encoding C63 ...
... no UTF-8 mapping file for font encoding C63
Now handling font encoding C64 ...
... no UTF-8 mapping file for font encoding C64
Now handling font encoding C65 ...
... no UTF-8 mapping file for font encoding C65
Now handling font encoding C70 ...
... no UTF-8 mapping file for font encoding C70
Now handling font encoding C31 ...
... no UTF-8 mapping file for font encoding C31
Now handling font encoding C32 ...
... no UTF-8 mapping file for font encoding C32
Now handling font encoding C33 ...
... no UTF-8 mapping file for font encoding C33
Now handling font encoding C34 ...
... no UTF-8 mapping file for font encoding C34
Now handling font encoding C35 ...
... no UTF-8 mapping file for font encoding C35
Now handling font encoding C36 ...
... no UTF-8 mapping file for font encoding C36
Now handling font encoding C37 ...
... no UTF-8 mapping file for font encoding C37
Now handling font encoding C80 ...
... no UTF-8 mapping file for font encoding C80
Now handling font encoding C81 ...
... no UTF-8 mapping file for font encoding C81
Now handling font encoding C01 ...
... no UTF-8 mapping file for font encoding C01
Now handling font encoding C11 ...
... no UTF-8 mapping file for font encoding C11
Now handling font encoding C21 ...
... no UTF-8 mapping file for font encoding C21
Now handling font encoding C41 ...
... no UTF-8 mapping file for font encoding C41
Now handling font encoding C62 ...
... no UTF-8 mapping file for font encoding C62
)
LaTeX Info: Redefining \selectfont on input line 756.
\CJK@indent=\box38
)
("D:\Program Files (x86)\CTEX\MiKTeX\tex\latex\base\fontenc.sty"
Package: fontenc 2005/09/27 v1.99g Standard LaTeX package
))
("D:\Program Files (x86)\CTEX\CTeX\tex\latex\CJKpunct\CJKpunct.sty"
Package: CJKpunct 2010/02/21 4.8.2-2
\CJKpunct@cnta=\count174
\CJKpunct@cntb=\count175
\CJKpunct@cntc=\count176
\CJKpunct@cntd=\count177
\CJKpunct@cnte=\count178
   defining Unicode char U+2018 (decimal 8216)
   defining Unicode char U+2019 (decimal 8217)
   defining Unicode char U+201C (decimal 8220)
   defining Unicode char U+201D (decimal 8221)
   defining Unicode char U+2014 (decimal 8212)
   defining Unicode char U+2026 (decimal 8230)

("D:\Program Files (x86)\CTEX\CTeX\tex\latex\CJKpunct\CJKpunct.spa"))
("D:\Program Files (x86)\CTEX\MiKTeX\tex\latex\ctex\engine\ctex-cjk-common.def"
\ccwd=\dimen153
)
("D:\Program Files (x86)\CTEX\MiKTeX\tex\latex\ctex\fontset\ctex-cjk-winfonts.d
ef" ("D:\Program Files (x86)\CTEX\MiKTeX\tex\generic\zhmetrics\zhwinfonts.tex"
("D:\Program Files (x86)\CTEX\MiKTeX\tex\generic\oberdiek\ifpdf.sty"
Package ifpdf Info: The package is already loaded, stopped on input line 64.
){D:/Program Files (x86)/CTEX/UserData/pdftex/config/pdftex.map{Unicode.sfd}{UG
BK.sfd}})))
\CTEX@q=\count179
\CTEX@r=\count180
) ("D:\Program Files (x86)\CTEX\MiKTeX\tex\latex\ctex\def\ctex-caption.def")
("D:\Program Files (x86)\CTEX\MiKTeX\tex\latex\ctex\def\ctex-article.def"))
("D:\Program Files (x86)\CTEX\MiKTeX\tex\latex\ctex\def\ctex-utf8.def")
("D:\Program Files (x86)\CTEX\MiKTeX\tex\latex\ctex\cfg\ctexcap.cfg"
("D:\Program Files (x86)\CTEX\MiKTeX\tex\latex\ctex\cfg\ctexcap-utf8.cfg"))
("D:\Program Files (x86)\CTEX\MiKTeX\tex\latex\ctex\cfg\ctex.cfg")
("D:\Program Files (x86)\CTEX\MiKTeX\tex\latex\graphics\graphicx.sty"
Package: graphicx 1999/02/16 v1.0f Enhanced LaTeX Graphics (DPC,SPQR)
\Gin@req@height=\dimen154
\Gin@req@width=\dimen155
)
("D:\Program Files (x86)\CTEX\MiKTeX\tex\latex\ams\math\amsmath.sty"
Package: amsmath 2000/07/18 v2.13 AMS math features
\@mathmargin=\skip49

For additional information on amsmath, use the `?' option.
("D:\Program Files (x86)\CTEX\MiKTeX\tex\latex\ams\math\amstext.sty"
Package: amstext 2000/06/29 v2.01

("D:\Program Files (x86)\CTEX\MiKTeX\tex\latex\ams\math\amsgen.sty"
File: amsgen.sty 1999/11/30 v2.0
\@emptytoks=\toks19
\ex@=\dimen156
))
("D:\Program Files (x86)\CTEX\MiKTeX\tex\latex\ams\math\amsbsy.sty"
Package: amsbsy 1999/11/29 v1.2d
\pmbraise@=\dimen157
)
("D:\Program Files (x86)\CTEX\MiKTeX\tex\latex\ams\math\amsopn.sty"
Package: amsopn 1999/12/14 v2.01 operator names
)
\inf@bad=\count181
LaTeX Info: Redefining \frac on input line 211.
\uproot@=\count182
\leftroot@=\count183
LaTeX Info: Redefining \overline on input line 307.
\classnum@=\count184
\DOTSCASE@=\count185
LaTeX Info: Redefining \ldots on input line 379.
LaTeX Info: Redefining \dots on input line 382.
LaTeX Info: Redefining \cdots on input line 467.
\Mathstrutbox@=\box39
\strutbox@=\box40
\big@size=\dimen158
LaTeX Font Info:    Redeclaring font encoding OML on input line 567.
LaTeX Font Info:    Redeclaring font encoding OMS on input line 568.
\macc@depth=\count186
\c@MaxMatrixCols=\count187
\dotsspace@=\muskip10
\c@parentequation=\count188
\dspbrk@lvl=\count189
\tag@help=\toks20
\row@=\count190
\column@=\count191
\maxfields@=\count192
\andhelp@=\toks21
\eqnshift@=\dimen159
\alignsep@=\dimen160
\tagshift@=\dimen161
\tagwidth@=\dimen162
\totwidth@=\dimen163
\lineht@=\dimen164
\@envbody=\toks22
\multlinegap=\skip50
\multlinetaggap=\skip51
\mathdisplay@stack=\toks23
LaTeX Info: Redefining \[ on input line 2666.
LaTeX Info: Redefining \] on input line 2667.
)
("D:\Program Files (x86)\CTEX\MiKTeX\tex\latex\caption\caption2.sty"
Package: caption2 2011/08/12 v2.2d Customising captions (AR)


Package caption2 Warning: ****************************************************
(caption2)                THIS PACKAGE IS OBSOLETE:
(caption2)                This package attempts to provide an `caption2'
(caption2)                package v2.0/2.1 author environment so that OLD
(caption2)                documents can be successfully processed. It should
(caption2)                NOT be used for NEW documents! New documents should
(caption2)                use the regular `caption' package v3.x instead.
(caption2)                ****************************************************

("D:\Program Files (x86)\CTEX\MiKTeX\tex\latex\caption\caption3.sty"
Package: caption3 2011/11/01 v1.4a caption3 kernel (AR)
\captionmargin=\dimen165
\captionmargin@=\dimen166
\captionwidth=\dimen167
\caption@indent=\dimen168
\caption@parindent=\dimen169
\caption@hangindent=\dimen170
Package caption Info: Unknown document class (or package),
(caption)             standard defaults will be used.
)
Package caption2 Info: Running in caption2 v2.0 compatibility mode on input lin
e 210.
\captionlinewidth=\dimen171
\realcaptionwidth=\dimen172
)
("D:\Program Files (x86)\CTEX\MiKTeX\tex\latex\tools\enumerate.sty"
Package: enumerate 1999/03/05 v3.00 enumerate extensions (DPC)
\@enLab=\toks24
)
("D:\Program Files (x86)\CTEX\MiKTeX\tex\latex\hyperref\hyperref.sty"
Package: hyperref 2012/02/06 v6.82o Hypertext links for LaTeX

("D:\Program Files (x86)\CTEX\MiKTeX\tex\generic\oberdiek\hobsub-hyperref.sty"
Package: hobsub-hyperref 2011/04/23 v1.4 Bundle oberdiek, subset hyperref (HO)

("D:\Program Files (x86)\CTEX\MiKTeX\tex\generic\oberdiek\hobsub-generic.sty"
Package: hobsub-generic 2011/04/23 v1.4 Bundle oberdiek, subset generic (HO)
Package: hobsub 2011/04/23 v1.4 Subsetting bundle oberdiek (HO)
Package hobsub Info: Skipping package `infwarerr' (already loaded).
Package hobsub Info: Skipping package `ltxcmds' (already loaded).
Package: ifluatex 2010/03/01 v1.3 Provides the ifluatex switch (HO)
Package ifluatex Info: LuaTeX not detected.
Package hobsub Info: Skipping package `ifvtex' (already loaded).
Package: intcalc 2007/09/27 v1.1 Expandable integer calculations (HO)
Package hobsub Info: Skipping package `ifpdf' (already loaded).
Package: etexcmds 2011/02/16 v1.5 Prefix for e-TeX command names (HO)
Package etexcmds Info: Could not find \expanded.
(etexcmds)             That can mean that you are not using pdfTeX 1.50 or
(etexcmds)             that some package has redefined \expanded.
(etexcmds)             In the latter case, load this package earlier.
Package: kvsetkeys 2011/04/07 v1.13 Key value parser (HO)
Package: kvdefinekeys 2011/04/07 v1.3 Defining keys (HO)
Package: pdftexcmds 2011/04/22 v0.16 Utilities of pdfTeX for LuaTeX (HO)
Package pdftexcmds Info: LuaTeX not detected.
Package pdftexcmds Info: \pdf@primitive is available.
Package pdftexcmds Info: \pdf@ifprimitive is available.
Package pdftexcmds Info: \pdfdraftmode found.
Package: pdfescape 2011/04/04 v1.12 Provides string conversions (HO)
Package: bigintcalc 2011/01/30 v1.2 Expandable big integer calculations (HO)
Package: bitset 2011/01/30 v1.1 Data type bit set (HO)
Package: uniquecounter 2011/01/30 v1.2 Provides unlimited unique counter (HO)
)
Package hobsub Info: Skipping package `hobsub' (already loaded).
Package: letltxmacro 2010/09/02 v1.4 Let assignment for LaTeX macros (HO)
Package: hopatch 2011/01/30 v1.0 Wrapper for package hooks (HO)
Package: xcolor-patch 2011/01/30 xcolor patch
Package: atveryend 2011/04/23 v1.7 Hooks at very end of document (HO)
Package: atbegshi 2011/01/30 v1.15 At begin shipout hook (HO)
Package: refcount 2010/12/01 v3.2 Data extraction from references (HO)
Package: hycolor 2011/01/30 v1.7 Color options of hyperref/bookmark (HO)
) ("D:\Program Files (x86)\CTEX\MiKTeX\tex\latex\oberdiek\kvoptions.sty"
Package: kvoptions 2010/12/23 v3.10 Keyval support for LaTeX options (HO)
)
\@linkdim=\dimen173
\Hy@linkcounter=\count193
\Hy@pagecounter=\count194

("D:\Program Files (x86)\CTEX\MiKTeX\tex\latex\hyperref\pd1enc.def"
File: pd1enc.def 2012/02/06 v6.82o Hyperref: PDFDocEncoding definition (HO)
Now handling font encoding PD1 ...
... no UTF-8 mapping file for font encoding PD1
)
\Hy@SavedSpaceFactor=\count195

("D:\Program Files (x86)\CTEX\MiKTeX\tex\latex\00miktex\hyperref.cfg"
File: hyperref.cfg 2002/06/06 v1.2 hyperref configuration of TeXLive
)
Package hyperref Info: Hyper figures OFF on input line 4046.
Package hyperref Info: Link nesting OFF on input line 4051.
Package hyperref Info: Hyper index ON on input line 4054.
Package hyperref Info: Plain pages OFF on input line 4061.
Package hyperref Info: Backreferencing OFF on input line 4066.
Package hyperref Info: Implicit mode ON; LaTeX internals redefined.
Package hyperref Info: Bookmarks ON on input line 4284.
\c@Hy@tempcnt=\count196

("D:\Program Files (x86)\CTEX\MiKTeX\tex\latex\ltxmisc\url.sty"
\Urlmuskip=\muskip11
Package: url 2006/04/12  ver 3.3  Verb mode for urls, etc.
)
LaTeX Info: Redefining \url on input line 4637.
\Fld@menulength=\count197
\Field@Width=\dimen174
\Fld@charsize=\dimen175
Package hyperref Info: Hyper figures OFF on input line 5757.
Package hyperref Info: Link nesting OFF on input line 5762.
Package hyperref Info: Hyper index ON on input line 5765.
Package hyperref Info: backreferencing OFF on input line 5772.
Package hyperref Info: Link coloring OFF on input line 5777.
Package hyperref Info: Link coloring with OCG OFF on input line 5782.
Package hyperref Info: PDF/A mode OFF on input line 5787.
LaTeX Info: Redefining \ref on input line 5827.
LaTeX Info: Redefining \pageref on input line 5831.
\Hy@abspage=\count198
\c@Item=\count199
\c@Hfootnote=\count200
)

Package hyperref Message: Driver (autodetected): hpdftex.

("D:\Program Files (x86)\CTEX\MiKTeX\tex\latex\hyperref\hpdftex.def"
File: hpdftex.def 2012/02/06 v6.82o Hyperref driver for pdfTeX
\Fld@listcount=\count201
Normal \count register pool exhausted, switching to extended pool.
\c@bookmark@seq@number=\count277

("D:\Program Files (x86)\CTEX\MiKTeX\tex\latex\oberdiek\rerunfilecheck.sty"
Package: rerunfilecheck 2011/04/15 v1.7 Rerun checks for auxiliary files (HO)
Package uniquecounter Info: New unique counter `rerunfilecheck' on input line 2
82.
)
\Hy@SectionHShift=\skip52
)
("D:\Program Files (x86)\CTEX\MiKTeX\tex\latex\amsfonts\amsfonts.sty"
Package: amsfonts 2009/06/22 v3.00 Basic AMSFonts support
\symAMSa=\mathgroup4
\symAMSb=\mathgroup5
LaTeX Font Info:    Overwriting math alphabet `\mathfrak' in version `bold'
(Font)                  U/euf/m/n --> U/euf/b/n on input line 96.
)
Package hyperref Info: Option `colorlinks' set `true' on input line 21.

("D:\Program Files (x86)\CTEX\MiKTeX\tex\latex\algorithms\algorithm.sty"
Package: algorithm 2009/08/24 v0.1 Document Style `algorithm' - floating enviro
nment

("D:\Program Files (x86)\CTEX\MiKTeX\tex\latex\float\float.sty"
Package: float 2001/11/08 v1.3d Float enhancements (AL)
\c@float@type=\count278
\float@exts=\toks25
\float@box=\box41
\@float@everytoks=\toks26
\@floatcapt=\box42
)
("D:\Program Files (x86)\CTEX\MiKTeX\tex\latex\base\ifthen.sty"
Package: ifthen 2001/05/26 v1.1c Standard LaTeX ifthen package (DPC)
)
\@float@every@algorithm=\toks27
\c@algorithm=\count279
)
("D:\Program Files (x86)\CTEX\MiKTeX\tex\latex\algorithmicx\algpseudocode.sty"
Package: algpseudocode 

("D:\Program Files (x86)\CTEX\MiKTeX\tex\latex\algorithmicx\algorithmicx.sty"
Package: algorithmicx 2005/04/27 v1.2 Algorithmicx

Document Style algorithmicx 1.2 - a greatly improved `algorithmic' style
\c@ALG@line=\count280
\c@ALG@rem=\count281
\c@ALG@nested=\count282
\ALG@tlm=\skip53
\ALG@thistlm=\skip54
\c@ALG@Lnr=\count283
\c@ALG@blocknr=\count284
\c@ALG@storecount=\count285
\c@ALG@tmpcounter=\count286
\ALG@tmplength=\skip55
)
Document Style - pseudocode environments for use with the `algorithmicx' style
For compatibility mode use algcompatible.sty!!!
) ("D:\Program Files (x86)\CTEX\MiKTeX\tex\latex\algorithmicx\algcompatible.sty
"
Package: algcompatible 

Document Style - algorithmic compatible environments for the `algorithmicx' sty
le
) (D:\self-discipline\LatexDoc\IIE2019.aux)
LaTeX Font Info:    Checking defaults for OML/cmm/m/it on input line 33.
LaTeX Font Info:    ... okay on input line 33.
LaTeX Font Info:    Checking defaults for T1/cmr/m/n on input line 33.
LaTeX Font Info:    ... okay on input line 33.
LaTeX Font Info:    Checking defaults for OT1/cmr/m/n on input line 33.
LaTeX Font Info:    ... okay on input line 33.
LaTeX Font Info:    Checking defaults for OMS/cmsy/m/n on input line 33.
LaTeX Font Info:    ... okay on input line 33.
LaTeX Font Info:    Checking defaults for OMX/cmex/m/n on input line 33.
LaTeX Font Info:    ... okay on input line 33.
LaTeX Font Info:    Checking defaults for U/cmr/m/n on input line 33.
LaTeX Font Info:    ... okay on input line 33.
LaTeX Font Info:    Checking defaults for TS1/cmr/m/n on input line 33.
LaTeX Font Info:    ... okay on input line 33.
LaTeX Font Info:    Checking defaults for C00/song/m/n on input line 33.
LaTeX Font Info:    ... okay on input line 33.
LaTeX Font Info:    Checking defaults for C05/song/m/n on input line 33.
LaTeX Font Info:    ... okay on input line 33.
LaTeX Font Info:    Checking defaults for C09/song/m/n on input line 33.
LaTeX Font Info:    ... okay on input line 33.
LaTeX Font Info:    Checking defaults for C10/song/m/n on input line 33.
LaTeX Font Info:    ... okay on input line 33.
LaTeX Font Info:    Checking defaults for C20/song/m/n on input line 33.
LaTeX Font Info:    ... okay on input line 33.
LaTeX Font Info:    Checking defaults for C19/song/m/n on input line 33.
LaTeX Font Info:    ... okay on input line 33.
LaTeX Font Info:    Checking defaults for C40/song/m/n on input line 33.
LaTeX Font Info:    ... okay on input line 33.
LaTeX Font Info:    Checking defaults for C42/song/m/n on input line 33.
LaTeX Font Info:    ... okay on input line 33.
LaTeX Font Info:    Checking defaults for C43/song/m/n on input line 33.
LaTeX Font Info:    ... okay on input line 33.
LaTeX Font Info:    Checking defaults for C50/song/m/n on input line 33.
LaTeX Font Info:    ... okay on input line 33.
LaTeX Font Info:    Checking defaults for C52/song/m/n on input line 33.
LaTeX Font Info:    ... okay on input line 33.
LaTeX Font Info:    Checking defaults for C49/song/m/n on input line 33.
LaTeX Font Info:    ... okay on input line 33.
LaTeX Font Info:    Checking defaults for C60/mj/m/n on input line 33.
LaTeX Font Info:    ... okay on input line 33.
LaTeX Font Info:    Checking defaults for C61/mj/m/n on input line 33.
LaTeX Font Info:    ... okay on input line 33.
LaTeX Font Info:    Checking defaults for C63/mj/m/n on input line 33.
LaTeX Font Info:    ... okay on input line 33.
LaTeX Font Info:    Checking defaults for C64/mj/m/n on input line 33.
LaTeX Font Info:    ... okay on input line 33.
LaTeX Font Info:    Checking defaults for C65/mj/m/n on input line 33.
LaTeX Font Info:    ... okay on input line 33.
LaTeX Font Info:    Checking defaults for C70/song/m/n on input line 33.
LaTeX Font Info:    ... okay on input line 33.
LaTeX Font Info:    Checking defaults for C31/song/m/n on input line 33.
LaTeX Font Info:    ... okay on input line 33.
LaTeX Font Info:    Checking defaults for C32/song/m/n on input line 33.
LaTeX Font Info:    ... okay on input line 33.
LaTeX Font Info:    Checking defaults for C33/song/m/n on input line 33.
LaTeX Font Info:    ... okay on input line 33.
LaTeX Font Info:    Checking defaults for C34/song/m/n on input line 33.
LaTeX Font Info:    ... okay on input line 33.
LaTeX Font Info:    Checking defaults for C35/song/m/n on input line 33.
LaTeX Font Info:    ... okay on input line 33.
LaTeX Font Info:    Checking defaults for C36/song/m/n on input line 33.
LaTeX Font Info:    ... okay on input line 33.
LaTeX Font Info:    Checking defaults for C37/song/m/n on input line 33.
LaTeX Font Info:    ... okay on input line 33.
LaTeX Font Info:    Checking defaults for C80/song/m/n on input line 33.
LaTeX Font Info:    ... okay on input line 33.
LaTeX Font Info:    Checking defaults for C81/song/m/n on input line 33.
LaTeX Font Info:    ... okay on input line 33.
LaTeX Font Info:    Checking defaults for C01/song/m/n on input line 33.
LaTeX Font Info:    ... okay on input line 33.
LaTeX Font Info:    Checking defaults for C11/song/m/n on input line 33.
LaTeX Font Info:    ... okay on input line 33.
LaTeX Font Info:    Checking defaults for C21/song/m/n on input line 33.
LaTeX Font Info:    ... okay on input line 33.
LaTeX Font Info:    Checking defaults for C41/song/m/n on input line 33.
LaTeX Font Info:    ... okay on input line 33.
LaTeX Font Info:    Checking defaults for C62/song/m/n on input line 33.
LaTeX Font Info:    ... okay on input line 33.
LaTeX Font Info:    Checking defaults for PD1/pdf/m/n on input line 33.
LaTeX Font Info:    ... okay on input line 33.

*geometry* driver: auto-detecting
*geometry* detected driver: pdftex
*geometry* verbose mode - [ preamble ] result:
* driver: pdftex
* paper: a4paper
* layout: <same size as paper>
* layoutoffset:(h,v)=(0.0pt,0.0pt)
* modes: 
* h-part:(L,W,R)=(44.81126pt, 507.88533pt, 44.81128pt)
* v-part:(T,H,B)=(50.70074pt, 718.29497pt, 76.05113pt)
* \paperwidth=597.50787pt
* \paperheight=845.04684pt
* \textwidth=507.88533pt
* \textheight=718.29497pt
* \oddsidemargin=-27.45872pt
* \evensidemargin=-27.45872pt
* \topmargin=-58.56924pt
* \headheight=12.0pt
* \headsep=25.0pt
* \topskip=10.0pt
* \footskip=30.0pt
* \marginparwidth=65.0pt
* \marginparsep=11.0pt
* \columnsep=10.0pt
* \skip\footins=9.0pt plus 4.0pt minus 2.0pt
* \hoffset=0.0pt
* \voffset=0.0pt
* \mag=1000
* \@twocolumnfalse
* \@twosidefalse
* \@mparswitchfalse
* \@reversemarginfalse
* (1in=72.27pt=25.4mm, 1cm=28.453pt)

("D:\Program Files (x86)\CTEX\MiKTeX\tex\context\base\supp-pdf.mkii"
[Loading MPS to PDF converter (version 2006.09.02).]
\scratchcounter=\count287
\scratchdimen=\dimen176
\scratchbox=\box43
\nofMPsegments=\count288
\nofMParguments=\count289
\everyMPshowfont=\toks28
\MPscratchCnt=\count290
\MPscratchDim=\dimen177
\MPnumerator=\count291
\makeMPintoPDFobject=\count292
\everyMPtoPDFconversion=\toks29
)
Package caption Info: Begin \AtBeginDocument code.
Package caption Info: End \AtBeginDocument code.
\AtBeginShipoutBox=\box44
Package hyperref Info: Link coloring ON on input line 33.
 ("D:\Program Files (x86)\CTEX\MiKTeX\tex\latex\hyperref\nameref.sty"
Package: nameref 2010/04/30 v2.40 Cross-referencing by name of section

("D:\Program Files (x86)\CTEX\MiKTeX\tex\generic\oberdiek\gettitlestring.sty"
Package: gettitlestring 2010/12/03 v1.4 Cleanup title references (HO)
)
\c@section@level=\count293
)
LaTeX Info: Redefining \ref on input line 33.
LaTeX Info: Redefining \pageref on input line 33.
LaTeX Info: Redefining \nameref on input line 33.
(D:\self-discipline\LatexDoc\IIE2019.out)
(D:\self-discipline\LatexDoc\IIE2019.out)
\@outlinefile=\write3

("D:\Program Files (x86)\CTEX\MiKTeX\tex\latex\cjk\UTF8\UTF8.bdg"
File: UTF8.bdg 2008/12/29 4.8.2
)
("D:\Program Files (x86)\CTEX\MiKTeX\tex\latex\cjk\UTF8\UTF8.enc"
File: UTF8.enc 2008/12/29 4.8.2
)
("D:\Program Files (x86)\CTEX\MiKTeX\tex\latex\cjk\UTF8\UTF8.chr"
File: UTF8.chr 2008/12/29 4.8.2
)
LaTeX Font Info:    Try loading font information for C70+zhhei on input line 35
.

("D:\Program Files (x86)\CTEX\MiKTeX\tex\latex\zhmetrics\c70zhhei.fd"
File: c70zhhei.fd 2009/09/23 4.8.2
)
LaTeX Font Info:    Try loading font information for U+msa on input line 35.

("D:\Program Files (x86)\CTEX\MiKTeX\tex\latex\amsfonts\umsa.fd"
File: umsa.fd 2009/06/22 v3.00 AMS symbols A
)
LaTeX Font Info:    Try loading font information for U+msb on input line 35.

("D:\Program Files (x86)\CTEX\MiKTeX\tex\latex\amsfonts\umsb.fd"
File: umsb.fd 2009/06/22 v3.00 AMS symbols B
)
LaTeX Font Info:    Try loading font information for C70+rm on input line 35.

("D:\Program Files (x86)\CTEX\MiKTeX\tex\latex\ctex\fd\c70rm.fd"
File: c70rm.fd 2007/05/06 v0.8a ctexutf8 font definition file
)
(D:\self-discipline\LatexDoc\IIE2019.toc
Package CJKpunct Info: punctuation spaces for family 'zhsong' do not exist. Use
 family 'def' instead. on input line 30.
 [1

] [2])
\tf@toc=\write4
 [3] [4] [5] [6]
LaTeX Font Info:    Try loading font information for OMS+cmr on input line 66.

("D:\Program Files (x86)\CTEX\MiKTeX\tex\latex\base\omscmr.fd"
File: omscmr.fd 1999/05/25 v2.5h Standard LaTeX font definitions
)
LaTeX Font Info:    Font shape `OMS/cmr/m/n' in size <10> not available
(Font)              Font shape `OMS/cmsy/m/n' tried instead on input line 66.
 [7]
Package CJKpunct Info: punctuation spaces for family 'zhkai' do not exist. Use 
family 'def' instead. on input line 97.
 [8]
[9] [10]
Overfull \hbox (16.7691pt too wide) in paragraph at lines 131--133
$\OML/cmm/m/it/10 p$\C70/rm/m/n/10/4e : \C70/rm/m/n/10/53  \C70/rm/m/n/10/91 
 \C70/rm/m/n/10/76  \C70/rm/m/n/10/4e * \C70/rm/m/n/10/65 p|\C70/rm/m/n/10/30 
| \C70/rm/m/n/10/4f  \C70/rm/m/n/10/75 ( |\C70/rm/m/n/10/20 |\C70/rm/m/n/10/
66 n \C70/rm/m/n/10/90  \C70/rm/m/n/10/67   \C70/rm/m/n/10/5c  \C70/rm/m/n/10
/4e  X \C70/rm/m/n/10/6c |\C70/rm/m/n/10/20 | \C70/rm/m/n/10/4f 0 \C70/rm/m/
n/10/8b  \C70/rm/m/n/10/4e 
 \C70/rm/m/n/10/8f  \C70/rm/m/n/10/6a ! \C70/rm/m/n/10/57  \C70/rm/m/n/10/53 
 \C70/rm/m/n/10/65 p|\C70/rm/m/n/10/ff | \C70/rm/m/n/10/4e  \C70/rm/m/n/10/6
7   \C70/rm/m/n/10/5c  \C70/rm/m/n/10/53  \C70/rm/m/n/10/6b  \C70/rm/m/n/10/
5d  \C70/rm/m/n/10/5e s \C70/rm/m/n/10/65  \C70/rm/m/n/10/54 $[]\OT1/cmr/m/n
/10 (\OML/cmm/m/it/10 \OT1/cmr/m/n/10 ) = [][] [][]$\C70/rm/m/n/10/4e :
 []

[11] [12] [13] [14] [15] [16] [17]
Package CJKpunct Info: punctuation spaces for family 'zhhei' do not exist. Use 
family 'def' instead. on input line 273.
Missing character: There is no  in font unisong22!
 [18] [19]
Underfull \hbox (badness 10000) in paragraph at lines 340--343

 []

[20] [21] [22] [23] [24]
<figures/LSTMAllInOne.png, id=832, 571.38469pt x 779.91376pt>
File: figures/LSTMAllInOne.png Graphic file (type png)

<use figures/LSTMAllInOne.png>
Package pdftex.def Info: figures/LSTMAllInOne.png used on input line 471.
(pdftex.def)             Requested size: 418.25368pt x 570.90318pt.
 [25] [26pdfTeX warning (ext4): destination with the same identifier (name{figu
re.1}) has been already used, duplicate ignored

\AtBegShi@Output ...ipout \box \AtBeginShipoutBox 
                                                  \fi \fi 
l.475 		\clearpage
                   <D:/self-discipline/LatexDoc/figures/LSTMAllInOne.png (PNG c
opy)>] <figures/GRU.png, id=852, 571.38469pt x 618.81187pt>
File: figures/GRU.png Graphic file (type png)

<use figures/GRU.png>
Package pdftex.def Info: figures/GRU.png used on input line 481.
(pdftex.def)             Requested size: 298.75394pt x 323.54973pt.
 [27

pdfTeX warning (ext4): destination with the same identifier (name{figure.2}) ha
s been already used, duplicate ignored

\AtBegShi@Output ...ipout \box \AtBeginShipoutBox 
                                                  \fi \fi 
l.485 		\clearpage
                   <D:/self-discipline/LatexDoc/figures/GRU.png (PNG copy)>]
[28

] [29] [30] [31] <figures/KKT-IECD.png, id=908, 1027.84pt x 827.09pt>
File: figures/KKT-IECD.png Graphic file (type png)

<use figures/KKT-IECD.png>
Package pdftex.def Info: figures/KKT-IECD.png used on input line 686.
(pdftex.def)             Requested size: 253.94266pt x 204.33626pt.
 [32] [33pdfTeX warning (ext4): destination with the same identifier (name{figu
re.3}) has been already used, duplicate ignored

\AtBegShi@Output ...ipout \box \AtBeginShipoutBox 
                                                  \fi \fi 
l.690 				\clearpage
                     <D:/self-discipline/LatexDoc/figures/KKT-IECD.png>]
<figures/lossFunction.png, id=927, 1424.32124pt x 2484.28125pt>
File: figures/lossFunction.png Graphic file (type png)

<use figures/lossFunction.png>
Package pdftex.def Info: figures/lossFunction.png used on input line 723.
(pdftex.def)             Requested size: 328.63115pt x 573.19221pt.
 [34

] [35pdfTeX warning (ext4): destination with the same identifier (name{figure.4
}) has been already used, duplicate ignored

\AtBegShi@Output ...ipout \box \AtBeginShipoutBox 
                                                  \fi \fi 
l.727 	\clearpage
                  <D:/self-discipline/LatexDoc/figures/lossFunction.png>]
<figures/ActivationFunction.png, id=942, 1427.3325pt x 1857.94125pt>
File: figures/ActivationFunction.png Graphic file (type png)

<use figures/ActivationFunction.png>
Package pdftex.def Info: figures/ActivationFunction.png used on input line 731.

(pdftex.def)             Requested size: 448.1309pt x 583.32681pt.


LaTeX Warning: `h' float specifier changed to `ht'.

[36pdfTeX warning (ext4): destination with the same identifier (name{figure.5})
 has been already used, duplicate ignored

\AtBegShi@Output ...ipout \box \AtBeginShipoutBox 
                                                  \fi \fi 
l.735 	\clearpage
                  <D:/self-discipline/LatexDoc/figures/ActivationFunction.png>]
[37


]
LaTeX Font Info:    Font shape `OMS/cmr/bx/n' in size <10> not available
(Font)              Font shape `OMS/cmsy/b/n' tried instead on input line 767.
 [38] [39] [40] [41] [42] [43]

LaTeX Warning: Command \textendash invalid in math mode on input line 992.

<figures/GloVec_f_Xij.jpg, id=1026, 470.75874pt x 297.11pt>
File: figures/GloVec_f_Xij.jpg Graphic file (type jpg)

<use figures/GloVec_f_Xij.jpg>
Package pdftex.def Info: figures/GloVec_f_Xij.jpg used on input line 1006.
(pdftex.def)             Requested size: 197.17868pt x 124.44533pt.
 [44pdfTeX warning (ext4): destination with the same identifier (name{figure.6}
) has been already used, duplicate ignored

\AtBegShi@Output ...ipout \box \AtBeginShipoutBox 
                                                  \fi \fi 
l.1013 		\newpage
                  <D:/self-discipline/LatexDoc/figures/GloVec_f_Xij.jpg>]
<figures/Transformer.jpg, id=1034, 219.70659pt x 323.69429pt>
File: figures/Transformer.jpg Graphic file (type jpg)

<use figures/Transformer.jpg>
Package pdftex.def Info: figures/Transformer.jpg used on input line 1017.
(pdftex.def)             Requested size: 253.94266pt x 374.13722pt.
 [45pdfTeX warning (ext4): destination with the same identifier (name{figure.7}
) has been already used, duplicate ignored

\AtBegShi@Output ...ipout \box \AtBeginShipoutBox 
                                                  \fi \fi 
l.1042 					\item 
                    <D:/self-discipline/LatexDoc/figures
/Transformer.jpg>]
<figures/elmo-gpt-bert.png, id=1046, 1316.66907pt x 493.845pt>
File: figures/elmo-gpt-bert.png Graphic file (type png)

<use figures/elmo-gpt-bert.png>
Package pdftex.def Info: figures/elmo-gpt-bert.png used on input line 1052.
(pdftex.def)             Requested size: 507.88533pt x 190.48883pt.
 [46pdfTeX warning (ext4): destination with the same identifier (name{figure.8}
) has been already used, duplicate ignored

\AtBegShi@Output ...ipout \box \AtBeginShipoutBox 
                                                  \fi \fi 
l.1082 	\newpage
                 <D:/self-discipline/LatexDoc/figures/elmo-gpt-bert.png>]
[47] [48] [49] <figures/adaboost.png, id=1083, 680.3016pt x 318.9516pt>
File: figures/adaboost.png Graphic file (type png)

<use figures/adaboost.png>
Package pdftex.def Info: figures/adaboost.png used on input line 1156.
(pdftex.def)             Requested size: 507.88533pt x 238.11807pt.
 [50pdfTeX warning (ext4): destination with the same identifier (name{figure.9}
) has been already used, duplicate ignored

\AtBegShi@Output ...ipout \box \AtBeginShipoutBox 
                                                  \fi \fi 
l.1183 				\begin
                 {description} <D:/self-discipline/LatexDoc/figures/adaboost.pn
g>] [51] [52] [53] [54]
Package hyperref Info: bookmark level for unknown algorithm defaults to 0 on in
put line 1348.
 [55] [56] [57]
Package atveryend Info: Empty hook `BeforeClearDocument' on input line 1443.
Package atveryend Info: Empty hook `AfterLastShipout' on input line 1443.
 (D:\self-discipline\LatexDoc\IIE2019.aux)
Package atveryend Info: Executing hook `AtVeryEndDocument' on input line 1443.
Package atveryend Info: Executing hook `AtEndAfterFileList' on input line 1443.

Package rerunfilecheck Info: File `IIE2019.out' has not changed.
(rerunfilecheck)             Checksum: 976E3D141814DF0B8C1681846EA85E3F;7750.
 ) 
Here is how much of TeX's memory you used:
 19377 strings out of 495354
 300634 string characters out of 3182739
 371111 words of memory out of 3000000
 21354 multiletter control sequences out of 15000+200000
 102061 words of font info for 350 fonts, out of 3000000 for 9000
 14 hyphenation exceptions out of 8191
 40i,12n,38p,966b,1770s stack positions out of 5000i,500n,10000p,200000b,50000s
<C:/WINDOWS/Fonts/simsun.ttc><C:/WINDOWS/Fonts/simhei.ttf><C:/WINDOWS/Fonts/s
imsun.ttc><C:/WINDOWS/Fonts/simsun.ttc><C:/WINDOWS/Fonts/simsun.ttc><C:/WINDOWS
/Fonts/simhei.ttf><C:/WINDOWS/Fonts/simhei.ttf><C:/WINDOWS/Fonts/simhei.ttf><C:
/WINDOWS/Fonts/simhei.ttf><C:/WINDOWS/Fonts/simhei.ttf><C:/WINDOWS/Fonts/simhei
.ttf><C:/WINDOWS/Fonts/simhei.ttf><C:/WINDOWS/Fonts/simsun.ttc><C:/WINDOWS/Font
s/simsun.ttc><C:/WINDOWS/Fonts/simsun.ttc><C:/WINDOWS/Fonts/simsun.ttc><C:/WIND
OWS/Fonts/simsun.ttc><C:/WINDOWS/Fonts/simhei.ttf><C:/WINDOWS/Fonts/simhei.ttf>
<C:/WINDOWS/Fonts/simsun.ttc><C:/WINDOWS/Fonts/simsun.ttc><C:/WINDOWS/Fonts/sim
sun.ttc><C:/WINDOWS/Fonts/simhei.ttf><C:/WINDOWS/Fonts/simsun.ttc><C:/WINDOWS/F
onts/simsun.ttc><C:/WINDOWS/Fonts/simhei.ttf><C:/WINDOWS/Fonts/simsun.ttc><C:/W
INDOWS/Fonts/simsun.ttc><C:/WINDOWS/Fonts/simhei.ttf><C:/WINDOWS/Fonts/simkai.t
tf><C:/WINDOWS/Fonts/simkai.ttf><C:/WINDOWS/Fonts/simkai.ttf><C:/WINDOWS/Fonts/
simkai.ttf><C:/WINDOWS/Fonts/simhei.ttf><C:/WINDOWS/Fonts/simhei.ttf><C:/WINDOW
S/Fonts/simhei.ttf><C:/WINDOWS/Fonts/simhei.ttf><C:/WINDOWS/Fonts/simhei.ttf><C
:/WINDOWS/Fonts/simhei.ttf><C:/WINDOWS/Fonts/simhei.ttf><C:/WINDOWS/Fonts/simsu
n.ttc><C:/WINDOWS/Fonts/simsun.ttc><C:/WINDOWS/Fonts/simsun.ttc><C:/WINDOWS/Fon
ts/simsun.ttc><C:/WINDOWS/Fonts/simsun.ttc><C:/WINDOWS/Fonts/simsun.ttc><C:/WIN
DOWS/Fonts/simsun.ttc><C:/WINDOWS/Fonts/simsun.ttc><C:/WINDOWS/Fonts/simsun.ttc
><C:/WINDOWS/Fonts/simsun.ttc><C:/WINDOWS/Fonts/simsun.ttc><C:/WINDOWS/Fonts/si
msun.ttc><C:/WINDOWS/Fonts/simsun.ttc><C:/WINDOWS/Fonts/simsun.ttc><C:/WINDOWS/
Fonts/simsun.ttc><C:/WINDOWS/Fonts/simhei.ttf><C:/WINDOWS/Fonts/simsun.ttc><C:/
WINDOWS/Fonts/simsun.ttc><C:/WINDOWS/Fonts/simsun.ttc><C:/WINDOWS/Fonts/simhei.
ttf><C:/WINDOWS/Fonts/simkai.ttf><C:/WINDOWS/Fonts/simkai.ttf><C:/WINDOWS/Fonts
/simkai.ttf><C:/WINDOWS/Fonts/simkai.ttf><C:/WINDOWS/Fonts/simkai.ttf><C:/WINDO
WS/Fonts/simsun.ttc><C:/WINDOWS/Fonts/simsun.ttc><C:/WINDOWS/Fonts/simhei.ttf><
C:/WINDOWS/Fonts/simsun.ttc><C:/WINDOWS/Fonts/simsun.ttc><C:/WINDOWS/Fonts/sims
un.ttc><C:/WINDOWS/Fonts/simsun.ttc><C:/WINDOWS/Fonts/simsun.ttc><C:/WINDOWS/Fo
nts/simsun.ttc><C:/WINDOWS/Fonts/simsun.ttc><C:/WINDOWS/Fonts/simsun.ttc><C:/WI
NDOWS/Fonts/simsun.ttc><C:/WINDOWS/Fonts/simsun.ttc><C:/WINDOWS/Fonts/simsun.tt
c><C:/WINDOWS/Fonts/simsun.ttc><C:/WINDOWS/Fonts/simsun.ttc><C:/WINDOWS/Fonts/s
imsun.ttc><C:/WINDOWS/Fonts/simsun.ttc><C:/WINDOWS/Fonts/simsun.ttc><C:/WINDOWS
/Fonts/simsun.ttc><C:/WINDOWS/Fonts/simsun.ttc><C:/WINDOWS/Fonts/simsun.ttc><C:
/WINDOWS/Fonts/simsun.ttc><C:/WINDOWS/Fonts/simsun.ttc><C:/WINDOWS/Fonts/simsun
.ttc><C:/WINDOWS/Fonts/simsun.ttc><C:/WINDOWS/Fonts/simsun.ttc><C:/WINDOWS/Font
s/simsun.ttc><C:/WINDOWS/Fonts/simsun.ttc><C:/WINDOWS/Fonts/simhei.ttf><C:/WIND
OWS/Fonts/simsun.ttc><C:/WINDOWS/Fonts/simsun.ttc><C:/WINDOWS/Fonts/simsun.ttc>
<C:/WINDOWS/Fonts/simsun.ttc><C:/WINDOWS/Fonts/simsun.ttc><C:/WINDOWS/Fonts/sim
sun.ttc><C:/WINDOWS/Fonts/simsun.ttc><C:/WINDOWS/Fonts/simsun.ttc><C:/WINDOWS/F
onts/simhei.ttf><C:/WINDOWS/Fonts/simhei.ttf><C:/WINDOWS/Fonts/simhei.ttf><C:/W
INDOWS/Fonts/simhei.ttf><C:/WINDOWS/Fonts/simsun.ttc><C:/WINDOWS/Fonts/simsun.t
tc><C:/WINDOWS/Fonts/simsun.ttc><C:/WINDOWS/Fonts/simsun.ttc><C:/WINDOWS/Fonts/
simsun.ttc><C:/WINDOWS/Fonts/simsun.ttc><C:/WINDOWS/Fonts/simsun.ttc><C:/WINDOW
S/Fonts/simsun.ttc><C:/WINDOWS/Fonts/simsun.ttc><C:/WINDOWS/Fonts/simsun.ttc><C
:/WINDOWS/Fonts/simsun.ttc><C:/WINDOWS/Fonts/simsun.ttc><C:/WINDOWS/Fonts/simsu
n.ttc><C:/WINDOWS/Fonts/simsun.ttc><C:/WINDOWS/Fonts/simsun.ttc><C:/WINDOWS/Fon
ts/simsun.ttc><C:/WINDOWS/Fonts/simsun.ttc><C:/WINDOWS/Fonts/simsun.ttc><C:/WIN
DOWS/Fonts/simsun.ttc><C:/WINDOWS/Fonts/simsun.ttc><C:/WINDOWS/Fonts/simsun.ttc
><C:/WINDOWS/Fonts/simsun.ttc><C:/WINDOWS/Fonts/simsun.ttc><C:/WINDOWS/Fonts/si
mhei.ttf><C:/WINDOWS/Fonts/simhei.ttf><C:/WINDOWS/Fonts/simhei.ttf><C:/WINDOWS/
Fonts/simhei.ttf><C:/WINDOWS/Fonts/simhei.ttf><C:/WINDOWS/Fonts/simhei.ttf><C:/
WINDOWS/Fonts/simhei.ttf><C:/WINDOWS/Fonts/simhei.ttf><C:/WINDOWS/Fonts/simsun.
ttc><C:/WINDOWS/Fonts/simsun.ttc><C:/WINDOWS/Fonts/simsun.ttc><C:/WINDOWS/Fonts
/simsun.ttc><C:/WINDOWS/Fonts/simsun.ttc><C:/WINDOWS/Fonts/simsun.ttc><C:/WINDO
WS/Fonts/simhei.ttf><C:/WINDOWS/Fonts/simhei.ttf><C:/WINDOWS/Fonts/simhei.ttf><
C:/WINDOWS/Fonts/simhei.ttf><C:/WINDOWS/Fonts/simhei.ttf><C:/WINDOWS/Fonts/sims
un.ttc><C:/WINDOWS/Fonts/simsun.ttc><C:/WINDOWS/Fonts/simsun.ttc><C:/WINDOWS/Fo
nts/simsun.ttc><C:/WINDOWS/Fonts/simsun.ttc><C:/WINDOWS/Fonts/simhei.ttf><C:/WI
NDOWS/Fonts/simhei.ttf><C:/WINDOWS/Fonts/simsun.ttc><C:/WINDOWS/Fonts/simsun.tt
c><C:/WINDOWS/Fonts/simsun.ttc><C:/WINDOWS/Fonts/simsun.ttc><C:/WINDOWS/Fonts/s
imsun.ttc><C:/WINDOWS/Fonts/simsun.ttc><C:/WINDOWS/Fonts/simsun.ttc><C:/WINDOWS
/Fonts/simsun.ttc><C:/WINDOWS/Fonts/simsun.ttc><C:/WINDOWS/Fonts/simsun.ttc><C:
/WINDOWS/Fonts/simsun.ttc><C:/WINDOWS/Fonts/simsun.ttc><C:/WINDOWS/Fonts/simsun
.ttc><C:/WINDOWS/Fonts/simhei.ttf><C:/WINDOWS/Fonts/simhei.ttf><C:/WINDOWS/Font
s/simhei.ttf><C:/WINDOWS/Fonts/simhei.ttf><C:/WINDOWS/Fonts/simhei.ttf><C:/WIND
OWS/Fonts/simhei.ttf><C:/WINDOWS/Fonts/simsun.ttc><C:/WINDOWS/Fonts/simhei.ttf>
<C:/WINDOWS/Fonts/simhei.ttf><C:/WINDOWS/Fonts/simhei.ttf><C:/WINDOWS/Fonts/sim
hei.ttf><C:/WINDOWS/Fonts/simhei.ttf><C:/WINDOWS/Fonts/simhei.ttf><C:/WINDOWS/F
onts/simhei.ttf><C:/WINDOWS/Fonts/simhei.ttf><C:/WINDOWS/Fonts/simhei.ttf><C:/W
INDOWS/Fonts/simhei.ttf><C:/WINDOWS/Fonts/simsun.ttc><C:/WINDOWS/Fonts/simsun.t
tc><C:/WINDOWS/Fonts/simsun.ttc><C:/WINDOWS/Fonts/simhei.ttf><C:/WINDOWS/Fonts/
simhei.ttf><C:/WINDOWS/Fonts/simhei.ttf><C:/WINDOWS/Fonts/simhei.ttf><C:/WINDOW
S/Fonts/simhei.ttf><C:/WINDOWS/Fonts/simhei.ttf><C:/WINDOWS/Fonts/simhei.ttf><D
:/Program Files (x86)/CTEX/MiKTeX/fonts/type1/public/amsfonts/cm/cmbsy10.pfb><D
:/Program Files (x86)/CTEX/MiKTeX/fonts/type1/public/amsfonts/cm/cmbx10.pfb><D:
/Program Files (x86)/CTEX/MiKTeX/fonts/type1/public/amsfonts/cm/cmbx12.pfb><D:/
Program Files (x86)/CTEX/MiKTeX/fonts/type1/public/amsfonts/cm/cmbx7.pfb><D:/Pr
ogram Files (x86)/CTEX/MiKTeX/fonts/type1/public/amsfonts/cm/cmex10.pfb><D:/Pro
gram Files (x86)/CTEX/MiKTeX/fonts/type1/public/amsfonts/cmextra/cmex7.pfb><D:/
Program Files (x86)/CTEX/MiKTeX/fonts/type1/public/amsfonts/cm/cmmi10.pfb><D:/P
rogram Files (x86)/CTEX/MiKTeX/fonts/type1/public/amsfonts/cm/cmmi5.pfb><D:/Pro
gram Files (x86)/CTEX/MiKTeX/fonts/type1/public/amsfonts/cm/cmmi7.pfb><D:/Progr
am Files (x86)/CTEX/MiKTeX/fonts/type1/public/amsfonts/cm/cmr10.pfb><D:/Program
 Files (x86)/CTEX/MiKTeX/fonts/type1/public/amsfonts/cm/cmr12.pfb><D:/Program F
iles (x86)/CTEX/MiKTeX/fonts/type1/public/amsfonts/cm/cmr17.pfb><D:/Program Fil
es (x86)/CTEX/MiKTeX/fonts/type1/public/amsfonts/cm/cmr5.pfb><D:/Program Files 
(x86)/CTEX/MiKTeX/fonts/type1/public/amsfonts/cm/cmr7.pfb><D:/Program Files (x8
6)/CTEX/MiKTeX/fonts/type1/public/amsfonts/cm/cmr8.pfb><D:/Program Files (x86)/
CTEX/MiKTeX/fonts/type1/public/amsfonts/cm/cmsl10.pfb><D:/Program Files (x86)/C
TEX/MiKTeX/fonts/type1/public/amsfonts/cm/cmsy10.pfb><D:/Program Files (x86)/CT
EX/MiKTeX/fonts/type1/public/amsfonts/cm/cmsy5.pfb><D:/Program Files (x86)/CTEX
/MiKTeX/fonts/type1/public/amsfonts/cm/cmsy7.pfb><D:/Program Files (x86)/CTEX/M
iKTeX/fonts/type1/public/amsfonts/cm/cmti12.pfb><D:/Program Files (x86)/CTEX/Mi
KTeX/fonts/type1/public/amsfonts/symbols/msbm10.pfb>
Output written on IIE2019.pdf (57 pages, 3741596 bytes).
PDF statistics:
 1882 PDF objects out of 2073 (max. 8388607)
 308 named destinations out of 1000 (max. 500000)
 1074 words of extra memory for PDF output out of 10000 (max. 10000000)

