\BOOKMARK [1][-]{section.1}{\151\202\213\272}{}% 1
\BOOKMARK [1][-]{section.2}{\141\037\167\345\147\072}{}% 2
\BOOKMARK [1][-]{section.3}{K\217\321\220\273}{}% 3
\BOOKMARK [2][-]{subsection.3.1}{kd\150\021}{section.3}% 4
\BOOKMARK [1][-]{section.4}{\147\064\175 \215\035\123\366\145\257}{}% 5
\BOOKMARK [1][-]{section.5}{\121\263\173\126\150\021}{}% 6
\BOOKMARK [2][-]{subsection.5.1}{\127\372\147\054\151\202\137\365}{section.5}% 7
\BOOKMARK [2][-]{subsection.5.2}{\121\263\173\126\150\021\166\204\165\037\142\020}{section.5}% 8
\BOOKMARK [3][-]{subsubsection.5.2.1}{ID3\173\227\154\325}{subsection.5.2}% 9
\BOOKMARK [3][-]{subsubsection.5.2.2}{C4.5\173\227\154\325}{subsection.5.2}% 10
\BOOKMARK [2][-]{subsection.5.3}{\121\263\173\126\150\021\122\152\147\235}{section.5}% 11
\BOOKMARK [2][-]{subsection.5.4}{CART\173\227\154\325}{section.5}% 12
\BOOKMARK [3][-]{subsubsection.5.4.1}{\147\000\134\017\116\214\116\130\126\336\137\122\150\021}{subsection.5.4}% 13
\BOOKMARK [3][-]{subsubsection.5.4.2}{CART\121\263\173\126\150\021}{subsection.5.4}% 14
\BOOKMARK [3][-]{subsubsection.5.4.3}{CART\122\152\147\235}{subsection.5.4}% 15
\BOOKMARK [1][-]{section.6}{\220\073\217\221\145\257\204\202\126\336\137\122\116\016\147\000\131\047\161\265\152\041\127\213}{}% 16
\BOOKMARK [2][-]{subsection.6.1}{\220\073\217\221\145\257\204\202\126\336\137\122\152\041\127\213}{section.6}% 17
\BOOKMARK [2][-]{subsection.6.2}{\147\000\131\047\161\265\152\041\127\213}{section.6}% 18
\BOOKMARK [1][-]{section.7}{\145\057\143\001\124\021\221\317\147\072}{}% 19
\BOOKMARK [1][-]{section.8}{\226\306\142\020\133\146\116\140Adaboost}{}% 20
\BOOKMARK [2][-]{subsection.8.1}{ Adaboost\166\204\122\006\174\173\225\356\230\230}{section.8}% 21
\BOOKMARK [2][-]{subsection.8.2}{\143\320\123\107\150\021}{section.8}% 22
\BOOKMARK [3][-]{subsubsection.8.2.1}{\150\257\136\246\143\320\123\107}{subsection.8.2}% 23
\BOOKMARK [3][-]{subsubsection.8.2.2}{\122\006\174\173\150\021\116\016\126\336\137\122\150\021\166\204\153\324\217\203}{subsection.8.2}% 24
\BOOKMARK [1][-]{section.9}{EM\173\227\154\325\123\312\121\166\143\250\136\177}{}% 25
\BOOKMARK [1][-]{section.10}{\226\220\232\154\134\024\171\321\131\053\152\041\127\213}{}% 26
\BOOKMARK [2][-]{subsection.10.1}{\213\304\117\060\211\302\133\337\136\217\122\027\151\202\163\207}{section.10}% 27
\BOOKMARK [3][-]{subsubsection.10.1.1}{\122\115\124\021\173\227\154\325}{subsection.10.1}% 28
\BOOKMARK [3][-]{subsubsection.10.1.2}{\124\016\124\021\173\227\154\325}{subsection.10.1}% 29
\BOOKMARK [3][-]{subsubsection.10.1.3}{\136\070\165\(\151\202\163\207\213\241\173\227}{subsection.10.1}% 30
\BOOKMARK [2][-]{subsection.10.2}{\152\041\127\213\166\204\123\302\145\160\117\060\213\241}{section.10}% 31
\BOOKMARK [3][-]{subsubsection.10.2.1}{\176\331\133\232\162\266\140\001\136\217\122\027\124\214\211\302\155\113\136\217\122\027}{subsection.10.2}% 32
\BOOKMARK [3][-]{subsubsection.10.2.2}{\234\215\131\306-\227\346\134\024\131\107\(Baum-Welch\)\173\227\154\325\377\010\116\137\134\061\146\057EM\173\227\154\325\377\011}{subsection.10.2}% 33
\BOOKMARK [2][-]{subsection.10.3}{\226\220\205\317\162\266\140\001\136\217\122\027\230\204\155\113\225\356\230\230}{section.10}% 34
\BOOKMARK [1][-]{section.11}{\147\141\116\366\226\217\147\072\127\072}{}% 35
\BOOKMARK [2][-]{subsection.11.1}{\116\300\116\110\150\067\166\204\225\356\230\230\227\000\211\201CRF\152\041\127\213}{section.11}% 36
\BOOKMARK [2][-]{subsection.11.2}{\147\141\116\366\226\217\147\072\127\072}{section.11}% 37
\BOOKMARK [3][-]{subsubsection.11.2.1}{\176\277\140\047\224\376\147\141\116\366\226\217\147\072\127\072\166\204\123\302\145\160\123\026\137\142\137\017}{subsection.11.2}% 38
\BOOKMARK [2][-]{subsection.11.3}{\151\202\163\207\213\241\173\227}{section.11}% 39
